[1579582215.526][INFO]: [ed98f7ebbc8fef7c4cf49aab6e0415ef] COMMAND InitSession {
   "capabilities": {
      "alwaysMatch": {
         "browserName": "chrome",
         "goog:chromeOptions": {
            "args": [ "--ignore-certificate-errors", "--test-type", "--headless" ],
            "binary": "/Users/Sol/Applications/Chromium.app/Contents/MacOS/Chromium",
            "extensions": [  ]
         },
         "platformName": "any"
      },
      "firstMatch": [ {

      } ]
   },
   "desiredCapabilities": {
      "browserName": "chrome",
      "goog:chromeOptions": {
         "args": [ "--ignore-certificate-errors", "--test-type", "--headless" ],
         "binary": "/Users/Sol/Applications/Chromium.app/Contents/MacOS/Chromium",
         "extensions": [  ]
      },
      "platform": "ANY",
      "version": ""
   }
}
[1579582215.627][INFO]: Populating Preferences file: {
   "alternate_error_pages": {
      "enabled": false
   },
   "autofill": {
      "enabled": false
   },
   "browser": {
      "check_default_browser": false
   },
   "distribution": {
      "import_bookmarks": false,
      "import_history": false,
      "import_search_engine": false,
      "make_chrome_default_for_user": false,
      "skip_first_run_ui": true
   },
   "dns_prefetching": {
      "enabled": false
   },
   "profile": {
      "content_settings": {
         "pattern_pairs": {
            "https://*,*": {
               "media-stream": {
                  "audio": "Default",
                  "video": "Default"
               }
            }
         }
      },
      "default_content_setting_values": {
         "geolocation": 1
      },
      "default_content_settings": {
         "geolocation": 1,
         "mouselock": 1,
         "notifications": 1,
         "popups": 1,
         "ppapi-broker": 1
      },
      "password_manager_enabled": false
   },
   "safebrowsing": {
      "enabled": false
   },
   "search": {
      "suggest_enabled": false
   },
   "translate": {
      "enabled": false
   }
}
[1579582215.627][INFO]: Populating Local State file: {
   "background_mode": {
      "enabled": false
   },
   "ssl": {
      "rev_checking": {
         "enabled": false
      }
   }
}
[1579582215.737][INFO]: Launching chrome: /Users/Sol/Applications/Chromium.app/Contents/MacOS/Chromium --disable-background-networking --disable-client-side-phishing-detection --disable-default-apps --disable-hang-monitor --disable-popup-blocking --disable-prompt-on-repost --disable-sync --disable-web-resources --enable-automation --enable-logging --force-fieldtrials=SiteIsolationExtensions/Control --headless --ignore-certificate-errors --load-extension=/var/folders/zg/dwslqxsx6wz3j3drccy28gzc0000gn/T/.com.google.Chrome.NKtHYN/internal --log-level=0 --metrics-recording-only --no-first-run --password-store=basic --remote-debugging-port=0 --test-type --use-mock-keychain --user-data-dir=/var/folders/zg/dwslqxsx6wz3j3drccy28gzc0000gn/T/.com.google.Chrome.HR6DAW data:,

DevTools listening on ws://127.0.0.1:63499/devtools/browser/62bcb921-6ea2-4e1b-b108-9ae98bfdaa56
[1579582226.427][DEBUG]: DevTools HTTP Request: http://localhost:63499/json/version
[1579582227.670][DEBUG]: DevTools HTTP Response: {
   "Browser": "HeadlessChrome/81.0.4010.0",
   "Protocol-Version": "1.3",
   "User-Agent": "Mozilla/5.0 (Macintosh; Intel Mac OS X 10_13_6) AppleWebKit/537.36 (KHTML, like Gecko) HeadlessChrome/81.0.4010.0 Safari/537.36",
   "V8-Version": "8.1.80",
   "WebKit-Version": "537.36 (@c10e04330a6782b6d33482860bb962e1fb0cf1e4)",
   "webSocketDebuggerUrl": "ws://localhost:63499/devtools/browser/62bcb921-6ea2-4e1b-b108-9ae98bfdaa56"
}

[1579582227.721][DEBUG]: DevTools HTTP Request: http://localhost:63499/json/version
[1579582227.786][DEBUG]: DevTools HTTP Response: {
   "Browser": "HeadlessChrome/81.0.4010.0",
   "Protocol-Version": "1.3",
   "User-Agent": "Mozilla/5.0 (Macintosh; Intel Mac OS X 10_13_6) AppleWebKit/537.36 (KHTML, like Gecko) HeadlessChrome/81.0.4010.0 Safari/537.36",
   "V8-Version": "8.1.80",
   "WebKit-Version": "537.36 (@c10e04330a6782b6d33482860bb962e1fb0cf1e4)",
   "webSocketDebuggerUrl": "ws://localhost:63499/devtools/browser/62bcb921-6ea2-4e1b-b108-9ae98bfdaa56"
}

[1579582227.786][DEBUG]: DevTools HTTP Request: http://localhost:63499/json
[1579582227.790][DEBUG]: DevTools HTTP Response: [ {
   "description": "",
   "devtoolsFrontendUrl": "/devtools/inspector.html?ws=localhost:63499/devtools/page/5B5742C97CDCA216EDDD76573B9F0A2A",
   "id": "5B5742C97CDCA216EDDD76573B9F0A2A",
   "title": "",
   "type": "page",
   "url": "data:,",
   "webSocketDebuggerUrl": "ws://localhost:63499/devtools/page/5B5742C97CDCA216EDDD76573B9F0A2A"
} ]

[1579582227.790][DEBUG]: DevTools HTTP Request: http://localhost:63499/json
[1579582227.792][DEBUG]: DevTools HTTP Response: [ {
   "description": "",
   "devtoolsFrontendUrl": "/devtools/inspector.html?ws=localhost:63499/devtools/page/5B5742C97CDCA216EDDD76573B9F0A2A",
   "id": "5B5742C97CDCA216EDDD76573B9F0A2A",
   "title": "",
   "type": "page",
   "url": "data:,",
   "webSocketDebuggerUrl": "ws://localhost:63499/devtools/page/5B5742C97CDCA216EDDD76573B9F0A2A"
} ]

[1579582227.795][INFO]: resolved localhost to ["::1","127.0.0.1"]
[1579582227.798][DEBUG]: DevTools WebSocket Command: Log.enable (id=1) 5B5742C97CDCA216EDDD76573B9F0A2A {

}
[1579582227.798][DEBUG]: DevTools WebSocket Command: DOM.getDocument (id=2) 5B5742C97CDCA216EDDD76573B9F0A2A {

}
[1579582227.798][DEBUG]: DevTools WebSocket Command: Target.setAutoAttach (id=3) 5B5742C97CDCA216EDDD76573B9F0A2A {
   "autoAttach": true,
   "waitForDebuggerOnStart": false
}
[1579582227.798][DEBUG]: DevTools WebSocket Command: Page.enable (id=4) 5B5742C97CDCA216EDDD76573B9F0A2A {

}
[1579582227.799][DEBUG]: DevTools WebSocket Command: Page.enable (id=5) 5B5742C97CDCA216EDDD76573B9F0A2A {

}
[1579582232.030][DEBUG]: DevTools WebSocket Response: Log.enable (id=1) 5B5742C97CDCA216EDDD76573B9F0A2A {

}
[1579582232.030][DEBUG]: DevTools WebSocket Response: DOM.getDocument (id=2) 5B5742C97CDCA216EDDD76573B9F0A2A {
   "root": {
      "backendNodeId": 2,
      "baseURL": "data:,",
      "childNodeCount": 0,
      "children": [  ],
      "documentURL": "data:,",
      "localName": "",
      "nodeId": 1,
      "nodeName": "#document",
      "nodeType": 9,
      "nodeValue": "",
      "xmlVersion": ""
   }
}
[1579582232.030][DEBUG]: DevTools WebSocket Response: Target.setAutoAttach (id=3) 5B5742C97CDCA216EDDD76573B9F0A2A {

}
[1579582232.031][DEBUG]: DevTools WebSocket Response: Page.enable (id=4) 5B5742C97CDCA216EDDD76573B9F0A2A {

}
[1579582232.031][DEBUG]: DevTools WebSocket Response: Page.enable (id=5) 5B5742C97CDCA216EDDD76573B9F0A2A {

}
[1579582232.031][DEBUG]: DevTools WebSocket Command: Runtime.enable (id=6) 5B5742C97CDCA216EDDD76573B9F0A2A {

}
[1579582232.045][DEBUG]: DevTools WebSocket Event: DOM.childNodeInserted 5B5742C97CDCA216EDDD76573B9F0A2A {
   "node": {
      "attributes": [  ],
      "backendNodeId": 3,
      "childNodeCount": 0,
      "frameId": "5B5742C97CDCA216EDDD76573B9F0A2A",
      "localName": "html",
      "nodeId": 2,
      "nodeName": "HTML",
      "nodeType": 1,
      "nodeValue": ""
   },
   "parentNodeId": 1,
   "previousNodeId": 0
}
[1579582232.045][DEBUG]: DevTools WebSocket Event: DOM.childNodeCountUpdated 5B5742C97CDCA216EDDD76573B9F0A2A {
   "childNodeCount": 1,
   "nodeId": 2
}
[1579582232.045][DEBUG]: DevTools WebSocket Event: DOM.childNodeCountUpdated 5B5742C97CDCA216EDDD76573B9F0A2A {
   "childNodeCount": 2,
   "nodeId": 2
}
[1579582232.045][DEBUG]: DevTools WebSocket Event: Page.loadEventFired 5B5742C97CDCA216EDDD76573B9F0A2A {
   "timestamp": 53450.122583
}
[1579582232.046][DEBUG]: DevTools WebSocket Event: Page.frameStoppedLoading 5B5742C97CDCA216EDDD76573B9F0A2A {
   "frameId": "5B5742C97CDCA216EDDD76573B9F0A2A"
}
[1579582232.046][DEBUG]: DevTools WebSocket Event: DOM.documentUpdated 5B5742C97CDCA216EDDD76573B9F0A2A {

}
[1579582232.046][DEBUG]: DevTools WebSocket Command: DOM.getDocument (id=7) 5B5742C97CDCA216EDDD76573B9F0A2A {

}
[1579582232.046][DEBUG]: DevTools WebSocket Event: Page.domContentEventFired 5B5742C97CDCA216EDDD76573B9F0A2A {
   "timestamp": 53450.132102
}
[1579582232.050][DEBUG]: DevTools WebSocket Event: Runtime.executionContextCreated 5B5742C97CDCA216EDDD76573B9F0A2A {
   "context": {
      "auxData": {
         "frameId": "5B5742C97CDCA216EDDD76573B9F0A2A",
         "isDefault": true,
         "type": "default"
      },
      "id": 1,
      "name": "",
      "origin": "://"
   }
}
[1579582232.050][DEBUG]: DevTools WebSocket Response: Runtime.enable (id=6) 5B5742C97CDCA216EDDD76573B9F0A2A {

}
[1579582232.051][DEBUG]: DevTools WebSocket Response: DOM.getDocument (id=7) 5B5742C97CDCA216EDDD76573B9F0A2A {
   "root": {
      "backendNodeId": 2,
      "baseURL": "data:,",
      "childNodeCount": 1,
      "children": [ {
         "attributes": [  ],
         "backendNodeId": 3,
         "childNodeCount": 2,
         "children": [ {
            "attributes": [  ],
            "backendNodeId": 4,
            "childNodeCount": 0,
            "localName": "head",
            "nodeId": 5,
            "nodeName": "HEAD",
            "nodeType": 1,
            "nodeValue": "",
            "parentId": 4
         }, {
            "attributes": [  ],
            "backendNodeId": 5,
            "childNodeCount": 0,
            "localName": "body",
            "nodeId": 6,
            "nodeName": "BODY",
            "nodeType": 1,
            "nodeValue": "",
            "parentId": 4
         } ],
         "frameId": "5B5742C97CDCA216EDDD76573B9F0A2A",
         "localName": "html",
         "nodeId": 4,
         "nodeName": "HTML",
         "nodeType": 1,
         "nodeValue": "",
         "parentId": 3
      } ],
      "documentURL": "data:,",
      "localName": "",
      "nodeId": 3,
      "nodeName": "#document",
      "nodeType": 9,
      "nodeValue": "",
      "xmlVersion": ""
   }
}
[1579582232.051][DEBUG]: DevTools WebSocket Command: Page.enable (id=8) 5B5742C97CDCA216EDDD76573B9F0A2A {

}
[1579582232.052][DEBUG]: DevTools WebSocket Response: Page.enable (id=8) 5B5742C97CDCA216EDDD76573B9F0A2A {

}
[1579582232.052][DEBUG]: DevTools WebSocket Command: Runtime.enable (id=9) 5B5742C97CDCA216EDDD76573B9F0A2A {

}
[1579582232.053][DEBUG]: DevTools WebSocket Response: Runtime.enable (id=9) 5B5742C97CDCA216EDDD76573B9F0A2A {

}
[1579582232.053][DEBUG]: DevTools WebSocket Command: Runtime.evaluate (id=10) 5B5742C97CDCA216EDDD76573B9F0A2A {
   "expression": "(function() { // Copyright (c) 2012 The Chromium Authors. All rights reserved.\n// Use of this source code is governed by a BSD-style license that can be\n// found in the LICENSE file.\n\n/**\n * Enum f...",
   "returnByValue": true
}
[1579582232.058][DEBUG]: DevTools WebSocket Response: Runtime.evaluate (id=10) 5B5742C97CDCA216EDDD76573B9F0A2A {
   "result": {
      "type": "object",
      "value": {
         "status": 0,
         "value": 1
      }
   }
}
[1579582232.058][INFO]: [ed98f7ebbc8fef7c4cf49aab6e0415ef] RESPONSE InitSession {
   "acceptInsecureCerts": false,
   "acceptSslCerts": false,
   "applicationCacheEnabled": false,
   "browserConnectionEnabled": false,
   "browserName": "chrome",
   "chrome": {
      "chromedriverVersion": "72.0.3626.7 (efcef9a3ecda02b2132af215116a03852d08b9cb)",
      "userDataDir": "/var/folders/zg/dwslqxsx6wz3j3drccy28gzc0000gn/T/.com.google.Chrome.HR6DAW"
   },
   "cssSelectorsEnabled": true,
   "databaseEnabled": false,
   "goog:chromeOptions": {
      "debuggerAddress": "localhost:63499"
   },
   "handlesAlerts": true,
   "hasTouchScreen": false,
   "javascriptEnabled": true,
   "locationContextEnabled": true,
   "mobileEmulationEnabled": false,
   "nativeEvents": true,
   "networkConnectionEnabled": false,
   "pageLoadStrategy": "normal",
   "platform": "Mac OS X",
   "proxy": {

   },
   "~~~": "..."
}
[1579582232.064][INFO]: [ed98f7ebbc8fef7c4cf49aab6e0415ef] COMMAND Navigate {
   "sessionId": "ed98f7ebbc8fef7c4cf49aab6e0415ef",
   "url": "https://www.cnn.com/"
}
[1579582232.065][INFO]: Waiting for pending navigations...
[1579582232.065][DEBUG]: DevTools WebSocket Command: Runtime.evaluate (id=11) 5B5742C97CDCA216EDDD76573B9F0A2A {
   "expression": "1"
}
[1579582232.066][DEBUG]: DevTools WebSocket Response: Runtime.evaluate (id=11) 5B5742C97CDCA216EDDD76573B9F0A2A {
   "result": {
      "description": "1",
      "type": "number",
      "value": 1
   }
}
[1579582232.066][INFO]: Done waiting for pending navigations. Status: ok
[1579582232.066][DEBUG]: DevTools WebSocket Command: Page.navigate (id=12) 5B5742C97CDCA216EDDD76573B9F0A2A {
   "url": "https://www.cnn.com/"
}
[1579582233.933][DEBUG]: DevTools WebSocket Response: Page.navigate (id=12) 5B5742C97CDCA216EDDD76573B9F0A2A {
   "frameId": "5B5742C97CDCA216EDDD76573B9F0A2A",
   "loaderId": "195A71B74BDE9A91DE6DC07D0517B58B"
}
[1579582233.948][DEBUG]: DevTools WebSocket Command: Runtime.evaluate (id=13) 5B5742C97CDCA216EDDD76573B9F0A2A {
   "expression": "document.URL"
}
[1579582234.789][DEBUG]: DevTools WebSocket Event: Runtime.executionContextsCleared 5B5742C97CDCA216EDDD76573B9F0A2A {

}
[1579582234.866][DEBUG]: DevTools WebSocket Event: Page.frameStartedLoading 5B5742C97CDCA216EDDD76573B9F0A2A {
   "frameId": "5B5742C97CDCA216EDDD76573B9F0A2A"
}
[1579582234.866][DEBUG]: DevTools WebSocket Event: Runtime.executionContextsCleared 5B5742C97CDCA216EDDD76573B9F0A2A {

}
[1579582234.867][DEBUG]: DevTools WebSocket Event: Page.frameNavigated 5B5742C97CDCA216EDDD76573B9F0A2A {
   "frame": {
      "id": "5B5742C97CDCA216EDDD76573B9F0A2A",
      "loaderId": "195A71B74BDE9A91DE6DC07D0517B58B",
      "mimeType": "text/html",
      "securityOrigin": "https://www.cnn.com",
      "url": "https://www.cnn.com/"
   }
}
[1579582234.867][DEBUG]: DevTools WebSocket Event: DOM.documentUpdated 5B5742C97CDCA216EDDD76573B9F0A2A {

}
[1579582234.867][DEBUG]: DevTools WebSocket Command: DOM.getDocument (id=14) 5B5742C97CDCA216EDDD76573B9F0A2A {

}
[1579582234.867][DEBUG]: DevTools WebSocket Event: Runtime.executionContextCreated 5B5742C97CDCA216EDDD76573B9F0A2A {
   "context": {
      "auxData": {
         "frameId": "5B5742C97CDCA216EDDD76573B9F0A2A",
         "isDefault": true,
         "type": "default"
      },
      "id": 1,
      "name": "",
      "origin": "https://www.cnn.com"
   }
}
[1579582235.141][DEBUG]: DevTools WebSocket Response: Runtime.evaluate (id=13) 5B5742C97CDCA216EDDD76573B9F0A2A {
   "result": {
      "type": "string",
      "value": "https://www.cnn.com/"
   }
}
[1579582235.188][DEBUG]: DevTools WebSocket Response: DOM.getDocument (id=14) 5B5742C97CDCA216EDDD76573B9F0A2A {
   "root": {
      "backendNodeId": 1,
      "baseURL": "https://www.cnn.com/",
      "childNodeCount": 0,
      "children": [  ],
      "documentURL": "https://www.cnn.com/",
      "localName": "",
      "nodeId": 1,
      "nodeName": "#document",
      "nodeType": 9,
      "nodeValue": "",
      "xmlVersion": ""
   }
}
[1579582235.188][INFO]: Waiting for pending navigations...
[1579582235.188][DEBUG]: DevTools WebSocket Command: Runtime.evaluate (id=15) 5B5742C97CDCA216EDDD76573B9F0A2A {
   "expression": "1"
}
[1579582235.397][DEBUG]: DevTools WebSocket Response: Runtime.evaluate (id=15) 5B5742C97CDCA216EDDD76573B9F0A2A {
   "result": {
      "description": "1",
      "type": "number",
      "value": 1
   }
}
[1579582235.407][DEBUG]: DevTools WebSocket Event: DOM.childNodeInserted 5B5742C97CDCA216EDDD76573B9F0A2A {
   "node": {
      "backendNodeId": 2,
      "localName": "",
      "nodeId": 2,
      "nodeName": "html",
      "nodeType": 10,
      "nodeValue": "",
      "publicId": "",
      "systemId": ""
   },
   "parentNodeId": 1,
   "previousNodeId": 0
}
[1579582235.408][DEBUG]: DevTools WebSocket Event: DOM.childNodeInserted 5B5742C97CDCA216EDDD76573B9F0A2A {
   "node": {
      "attributes": [ "class", "no-js" ],
      "backendNodeId": 3,
      "childNodeCount": 0,
      "frameId": "5B5742C97CDCA216EDDD76573B9F0A2A",
      "localName": "html",
      "nodeId": 3,
      "nodeName": "HTML",
      "nodeType": 1,
      "nodeValue": ""
   },
   "parentNodeId": 1,
   "previousNodeId": 2
}
[1579582235.408][DEBUG]: DevTools WebSocket Event: DOM.childNodeCountUpdated 5B5742C97CDCA216EDDD76573B9F0A2A {
   "childNodeCount": 1,
   "nodeId": 3
}
[1579582235.408][DEBUG]: DevTools WebSocket Command: Runtime.evaluate (id=16) 5B5742C97CDCA216EDDD76573B9F0A2A {
   "expression": "1"
}
[1579582235.607][DEBUG]: DevTools WebSocket Response: Runtime.evaluate (id=16) 5B5742C97CDCA216EDDD76573B9F0A2A {
   "result": {
      "description": "1",
      "type": "number",
      "value": 1
   }
}
[1579582244.289][DEBUG]: DevTools WebSocket Event: DOM.childNodeCountUpdated 5B5742C97CDCA216EDDD76573B9F0A2A {
   "childNodeCount": 2,
   "nodeId": 3
}
[1579582244.294][DEBUG]: DevTools WebSocket Event: DOM.childNodeCountUpdated 5B5742C97CDCA216EDDD76573B9F0A2A {
   "childNodeCount": 1,
   "nodeId": 3
}
[1579582244.294][DEBUG]: DevTools WebSocket Event: DOM.childNodeCountUpdated 5B5742C97CDCA216EDDD76573B9F0A2A {
   "childNodeCount": 2,
   "nodeId": 3
}
[1579582244.294][DEBUG]: DevTools WebSocket Event: DOM.childNodeCountUpdated 5B5742C97CDCA216EDDD76573B9F0A2A {
   "childNodeCount": 1,
   "nodeId": 3
}
[1579582244.294][DEBUG]: DevTools WebSocket Event: DOM.childNodeCountUpdated 5B5742C97CDCA216EDDD76573B9F0A2A {
   "childNodeCount": 2,
   "nodeId": 3
}
[1579582244.294][DEBUG]: DevTools WebSocket Event: DOM.childNodeCountUpdated 5B5742C97CDCA216EDDD76573B9F0A2A {
   "childNodeCount": 1,
   "nodeId": 3
}
[1579582244.294][DEBUG]: DevTools WebSocket Event: DOM.attributeModified 5B5742C97CDCA216EDDD76573B9F0A2A {
   "name": "class",
   "nodeId": 3,
   "value": "js no-flash"
}
[1579582244.294][DEBUG]: DevTools WebSocket Event: DOM.childNodeCountUpdated 5B5742C97CDCA216EDDD76573B9F0A2A {
   "childNodeCount": 2,
   "nodeId": 3
}
[1579582244.294][DEBUG]: DevTools WebSocket Event: DOM.childNodeCountUpdated 5B5742C97CDCA216EDDD76573B9F0A2A {
   "childNodeCount": 1,
   "nodeId": 3
}
[1579582244.294][DEBUG]: DevTools WebSocket Event: DOM.attributeModified 5B5742C97CDCA216EDDD76573B9F0A2A {
   "name": "class",
   "nodeId": 3,
   "value": "js no-flash geolocation websockets localstorage webworkers no-touchevents fontface supports textshadow csscolumns csscolumns-width csscolumns-span csscolumns-fill csscolumns-gap csscolumns-rule css..."
}
[1579582244.294][DEBUG]: DevTools WebSocket Event: DOM.attributeModified 5B5742C97CDCA216EDDD76573B9F0A2A {
   "name": "class",
   "nodeId": 3,
   "value": "js no-flash geolocation websockets localstorage webworkers no-touchevents fontface supports textshadow csscolumns csscolumns-width csscolumns-span csscolumns-fill csscolumns-gap csscolumns-rule css..."
}
[1579582244.294][DEBUG]: DevTools WebSocket Event: DOM.attributeModified 5B5742C97CDCA216EDDD76573B9F0A2A {
   "name": "class",
   "nodeId": 3,
   "value": "js no-flash geolocation websockets localstorage webworkers no-touchevents fontface supports textshadow csscolumns csscolumns-width csscolumns-span csscolumns-fill csscolumns-gap csscolumns-rule css..."
}
[1579582244.294][DEBUG]: DevTools WebSocket Event: DOM.attributeModified 5B5742C97CDCA216EDDD76573B9F0A2A {
   "name": "class",
   "nodeId": 3,
   "value": "js no-flash geolocation websockets localstorage webworkers no-touchevents fontface supports textshadow csscolumns csscolumns-width csscolumns-span csscolumns-fill csscolumns-gap csscolumns-rule css..."
}
[1579582244.295][DEBUG]: DevTools WebSocket Event: DOM.attributeModified 5B5742C97CDCA216EDDD76573B9F0A2A {
   "name": "class",
   "nodeId": 3,
   "value": "js no-flash geolocation websockets localstorage webworkers no-touchevents fontface supports textshadow csscolumns csscolumns-width csscolumns-span csscolumns-fill csscolumns-gap csscolumns-rule css..."
}
[1579582244.295][DEBUG]: DevTools WebSocket Event: DOM.attributeModified 5B5742C97CDCA216EDDD76573B9F0A2A {
   "name": "class",
   "nodeId": 3,
   "value": "js no-flash geolocation websockets localstorage webworkers no-touchevents fontface supports textshadow csscolumns csscolumns-width csscolumns-span csscolumns-fill csscolumns-gap csscolumns-rule css..."
}
[1579582244.295][DEBUG]: DevTools WebSocket Command: Runtime.evaluate (id=17) 5B5742C97CDCA216EDDD76573B9F0A2A {
   "expression": "1"
}
[1579582244.298][DEBUG]: DevTools WebSocket Event: DOM.inlineStyleInvalidated 5B5742C97CDCA216EDDD76573B9F0A2A {
   "nodeIds": [ 3 ]
}
[1579582245.190][DEBUG]: DevTools WebSocket Event: DOM.attributeModified 5B5742C97CDCA216EDDD76573B9F0A2A {
   "name": "class",
   "nodeId": 3,
   "value": "js no-flash geolocation websockets localstorage webworkers no-touchevents fontface supports textshadow csscolumns csscolumns-width csscolumns-span csscolumns-fill csscolumns-gap csscolumns-rule css..."
}
[1579582245.191][DEBUG]: DevTools WebSocket Event: DOM.attributeModified 5B5742C97CDCA216EDDD76573B9F0A2A {
   "name": "class",
   "nodeId": 3,
   "value": "js no-flash geolocation websockets localstorage webworkers no-touchevents fontface supports textshadow csscolumns csscolumns-width csscolumns-span csscolumns-fill csscolumns-gap csscolumns-rule css..."
}
[1579582245.191][DEBUG]: DevTools WebSocket Event: DOM.attributeModified 5B5742C97CDCA216EDDD76573B9F0A2A {
   "name": "class",
   "nodeId": 3,
   "value": "js no-flash geolocation websockets localstorage webworkers no-touchevents fontface supports textshadow csscolumns csscolumns-width csscolumns-span csscolumns-fill csscolumns-gap csscolumns-rule css..."
}
[1579582245.191][DEBUG]: DevTools WebSocket Event: DOM.attributeModified 5B5742C97CDCA216EDDD76573B9F0A2A {
   "name": "class",
   "nodeId": 3,
   "value": "js no-flash geolocation websockets localstorage webworkers no-touchevents fontface supports textshadow csscolumns csscolumns-width csscolumns-span csscolumns-fill csscolumns-gap csscolumns-rule css..."
}
[1579582245.197][DEBUG]: DevTools WebSocket Event: DOM.attributeModified 5B5742C97CDCA216EDDD76573B9F0A2A {
   "name": "class",
   "nodeId": 3,
   "value": "js no-flash geolocation websockets localstorage webworkers no-touchevents fontface supports textshadow csscolumns csscolumns-width csscolumns-span csscolumns-fill csscolumns-gap csscolumns-rule css..."
}
[1579582245.198][DEBUG]: DevTools WebSocket Event: DOM.attributeModified 5B5742C97CDCA216EDDD76573B9F0A2A {
   "name": "class",
   "nodeId": 3,
   "value": "js no-flash geolocation websockets localstorage webworkers no-touchevents fontface supports textshadow csscolumns csscolumns-width csscolumns-span csscolumns-fill csscolumns-gap csscolumns-rule css..."
}
[1579582245.200][DEBUG]: DevTools WebSocket Event: DOM.attributeModified 5B5742C97CDCA216EDDD76573B9F0A2A {
   "name": "class",
   "nodeId": 3,
   "value": "js no-flash geolocation websockets localstorage webworkers no-touchevents fontface supports textshadow csscolumns csscolumns-width csscolumns-span csscolumns-fill csscolumns-gap csscolumns-rule css..."
}
[1579582245.200][DEBUG]: DevTools WebSocket Event: DOM.attributeModified 5B5742C97CDCA216EDDD76573B9F0A2A {
   "name": "class",
   "nodeId": 3,
   "value": "js no-flash geolocation websockets localstorage webworkers no-touchevents fontface supports textshadow csscolumns csscolumns-width csscolumns-span csscolumns-fill csscolumns-gap csscolumns-rule css..."
}
[1579582245.200][DEBUG]: DevTools WebSocket Event: DOM.attributeModified 5B5742C97CDCA216EDDD76573B9F0A2A {
   "name": "data-formfactor",
   "nodeId": 3,
   "value": "desktop"
}
[1579582245.218][DEBUG]: DevTools WebSocket Response: Runtime.evaluate (id=17) 5B5742C97CDCA216EDDD76573B9F0A2A {
   "result": {
      "description": "1",
      "type": "number",
      "value": 1
   }
}
[1579582245.235][DEBUG]: DevTools WebSocket Event: DOM.childNodeCountUpdated 5B5742C97CDCA216EDDD76573B9F0A2A {
   "childNodeCount": 2,
   "nodeId": 3
}
[1579582245.235][DEBUG]: DevTools WebSocket Command: Runtime.evaluate (id=18) 5B5742C97CDCA216EDDD76573B9F0A2A {
   "expression": "1"
}
[1579582245.363][DEBUG]: DevTools WebSocket Event: Page.frameAttached 5B5742C97CDCA216EDDD76573B9F0A2A {
   "frameId": "1E4C6884410CCC97EE95A8B53458851D",
   "parentFrameId": "5B5742C97CDCA216EDDD76573B9F0A2A",
   "stack": {
      "callFrames": [ {
         "columnNumber": 15546,
         "functionName": "t.appendTo",
         "lineNumber": 901,
         "scriptId": "9",
         "url": "https://www.cnn.com/optimizelyjs/131788053.js"
      }, {
         "columnNumber": 20323,
         "functionName": "",
         "lineNumber": 901,
         "scriptId": "9",
         "url": "https://www.cnn.com/optimizelyjs/131788053.js"
      }, {
         "columnNumber": 2829,
         "functionName": "L",
         "lineNumber": 899,
         "scriptId": "9",
         "url": "https://www.cnn.com/optimizelyjs/131788053.js"
      }, {
         "columnNumber": 4122,
         "functionName": "j",
         "lineNumber": 899,
         "scriptId": "9",
         "url": "https://www.cnn.com/optimizelyjs/131788053.js"
      }, {
         "columnNumber": 19955,
         "functionName": "t.loadIframe",
         "lineNumber": 901,
         "scriptId": "9",
         "url": "https://www.cnn.com/optimizelyjs/131788053.js"
      }, {
         "columnNumber": 20728,
         "functionName": "s",
         "lineNumber": 901,
         "scriptId": "9",
         "url": "https://www.cnn.com/optimizelyjs/131788053.js"
      }, {
         "columnNumber": 2538,
         "functionName": "C",
         "lineNumber": 899,
         "scriptId": "9",
         "url": "https://www.cnn.com/optimizelyjs/131788053.js"
      }, {
         "columnNumber": 2652,
         "functionName": "P",
         "lineNumber": 899,
         "scriptId": "9",
         "url": "https://www.cnn.com/optimizelyjs/131788053.js"
      }, {
         "columnNumber": 2441,
         "functionName": "O",
         "lineNumber": 899,
         "scriptId": "9",
         "url": "https://www.cnn.com/optimizelyjs/131788053.js"
      }, {
         "columnNumber": 680,
         "functionName": "f",
         "lineNumber": 899,
         "scriptId": "9",
         "url": "https://www.cnn.com/optimizelyjs/131788053.js"
      } ]
   }
}
[1579582245.367][DEBUG]: DevTools WebSocket Event: Page.frameStartedLoading 5B5742C97CDCA216EDDD76573B9F0A2A {
   "frameId": "1E4C6884410CCC97EE95A8B53458851D"
}
[1579582245.523][DEBUG]: DevTools WebSocket Response: Runtime.evaluate (id=18) 5B5742C97CDCA216EDDD76573B9F0A2A {
   "result": {
      "description": "1",
      "type": "number",
      "value": 1
   }
}
[1579582245.652][DEBUG]: DevTools WebSocket Event: Log.entryAdded 5B5742C97CDCA216EDDD76573B9F0A2A {
   "entry": {
      "level": "warning",
      "source": "other",
      "text": "A cookie associated with a cross-site resource at http://www.ugdturner.com/ was set without the `SameSite` attribute. A future release of Chrome will only deliver cookies with cross-site requests i...",
      "timestamp": 1579582245651.0989,
      "url": "https://www.cnn.com/"
   }
}
[0121/045045.651705:INFO:CONSOLE(0)] "A cookie associated with a cross-site resource at http://www.ugdturner.com/ was set without the `SameSite` attribute. A future release of Chrome will only deliver cookies with cross-site requests if they are set with `SameSite=None` and `Secure`. You can review cookies in developer tools under Application>Storage>Cookies and see more details at https://www.chromestatus.com/feature/5088147346030592 and https://www.chromestatus.com/feature/5633521622188032.", source: https://www.cnn.com/ (0)
[1579582245.653][DEBUG]: DevTools WebSocket Command: Runtime.evaluate (id=19) 5B5742C97CDCA216EDDD76573B9F0A2A {
   "expression": "1"
}
[1579582246.655][DEBUG]: DevTools WebSocket Event: Page.frameNavigated 5B5742C97CDCA216EDDD76573B9F0A2A {
   "frame": {
      "id": "1E4C6884410CCC97EE95A8B53458851D",
      "loaderId": "1F528E27B7DB0CCA381E686F2E05D3C9",
      "mimeType": "text/html",
      "name": "",
      "parentId": "5B5742C97CDCA216EDDD76573B9F0A2A",
      "securityOrigin": "https://a125375509.cdn.optimizely.com",
      "url": "https://a125375509.cdn.optimizely.com/client_storage/a125375509.html"
   }
}
[1579582246.655][DEBUG]: DevTools WebSocket Event: Runtime.executionContextCreated 5B5742C97CDCA216EDDD76573B9F0A2A {
   "context": {
      "auxData": {
         "frameId": "1E4C6884410CCC97EE95A8B53458851D",
         "isDefault": true,
         "type": "default"
      },
      "id": 2,
      "name": "",
      "origin": "https://a125375509.cdn.optimizely.com"
   }
}
[1579582246.667][DEBUG]: DevTools WebSocket Response: Runtime.evaluate (id=19) 5B5742C97CDCA216EDDD76573B9F0A2A {
   "result": {
      "description": "1",
      "type": "number",
      "value": 1
   }
}
[0121/045046.956233:INFO:CONSOLE(189)] " ", source: https://www.cnn.com/ (189)
[0121/045046.956494:INFO:CONSOLE(189)] "  .d8888b.  888b    888 888b    888", source: https://www.cnn.com/ (189)
[0121/045046.956713:INFO:CONSOLE(189)] " d88P  Y88b 8888b   888 8888b   888", source: https://www.cnn.com/ (189)
[1579582246.958][DEBUG]: DevTools WebSocket Event: Runtime.consoleAPICalled 5B5742C97CDCA216EDDD76573B9F0A2A {
   "args": [ {
      "type": "string",
      "value": " "
   } ],
   "executionContextId": 1,
   "stackTrace": {
      "callFrames": [ {
         "columnNumber": 3963,
         "functionName": "",
         "lineNumber": 188,
         "scriptId": "52",
         "url": "https://www.cnn.com/"
      } ]
   },
   "timestamp": 1579582246955.504,
   "type": "log"
}
[1579582246.958][DEBUG]: DevTools WebSocket Event: Runtime.consoleAPICalled 5B5742C97CDCA216EDDD76573B9F0A2A {
   "args": [ {
      "type": "string",
      "value": "  .d8888b.  888b    888 888b    888"
   } ],
   "executionContextId": 1,
   "stackTrace": {
      "callFrames": [ {
         "columnNumber": 3980,
         "functionName": "",
         "lineNumber": 188,
         "scriptId": "52",
         "url": "https://www.cnn.com/"
      } ]
   },
   "timestamp": 1579582246955.916,
   "type": "log"
}
[1579582246.958][DEBUG]: DevTools WebSocket Command: Runtime.evaluate (id=20) 5B5742C97CDCA216EDDD76573B9F0A2A {
   "expression": "1"
}
[0121/045046.958453:INFO:CONSOLE(189)] " 888    888 88888b  888 88888b  888    We are trying to make CNN.com faster.", source: https://www.cnn.com/ (189)
[1579582246.959][DEBUG]: DevTools WebSocket Event: Runtime.consoleAPICalled 5B5742C97CDCA216EDDD76573B9F0A2A {
   "args": [ {
      "type": "string",
      "value": " d88P  Y88b 8888b   888 8888b   888"
   } ],
   "executionContextId": 1,
   "stackTrace": {
      "callFrames": [ {
         "columnNumber": 4031,
         "functionName": "",
         "lineNumber": 188,
         "scriptId": "52",
         "url": "https://www.cnn.com/"
      } ]
   },
   "timestamp": 1579582246956.3079,
   "type": "log"
}
[1579582246.961][DEBUG]: DevTools WebSocket Event: Runtime.consoleAPICalled 5B5742C97CDCA216EDDD76573B9F0A2A {
   "args": [ {
      "type": "string",
      "value": " 888    888 88888b  888 88888b  888    We are trying to make CNN.com faster."
   } ],
   "executionContextId": 1,
   "stackTrace": {
      "callFrames": [ {
         "columnNumber": 4082,
         "functionName": "",
         "lineNumber": 188,
         "scriptId": "52",
         "url": "https://www.cnn.com/"
      } ]
   },
   "timestamp": 1579582246957.99,
   "type": "log"
}
[0121/045046.963812:INFO:CONSOLE(189)] " 888        888Y88b 888 888Y88b 888    Think you can help?", source: https://www.cnn.com/ (189)
[0121/045046.964094:INFO:CONSOLE(189)] " 888        888 Y88b888 888 Y88b888", source: https://www.cnn.com/ (189)
[1579582246.965][DEBUG]: DevTools WebSocket Event: Runtime.consoleAPICalled 5B5742C97CDCA216EDDD76573B9F0A2A {
   "args": [ {
      "type": "string",
      "value": " 888        888Y88b 888 888Y88b 888    Think you can help?"
   } ],
   "executionContextId": 1,
   "stackTrace": {
      "callFrames": [ {
         "columnNumber": 4174,
         "functionName": "",
         "lineNumber": 188,
         "scriptId": "52",
         "url": "https://www.cnn.com/"
      } ]
   },
   "timestamp": 1579582246959.365,
   "type": "log"
}
[0121/045046.964766:INFO:CONSOLE(189)] " 888    888 888  Y88888 888  Y88888    Send your ideas to: bounty AT cnnlabs DOT com", source: https://www.cnn.com/ (189)
[1579582246.966][DEBUG]: DevTools WebSocket Event: Runtime.consoleAPICalled 5B5742C97CDCA216EDDD76573B9F0A2A {
   "args": [ {
      "type": "string",
      "value": " 888        888 Y88b888 888 Y88b888"
   } ],
   "executionContextId": 1,
   "stackTrace": {
      "callFrames": [ {
         "columnNumber": 4248,
         "functionName": "",
         "lineNumber": 188,
         "scriptId": "52",
         "url": "https://www.cnn.com/"
      } ]
   },
   "timestamp": 1579582246963.8,
   "type": "log"
}
[0121/045046.965417:INFO:CONSOLE(189)] " Y88b  d88P 888   Y8888 888   Y8888", source: https://www.cnn.com/ (189)
[0121/045047.021423:INFO:CONSOLE(189)] "  "Y8888P"  888    Y888 888    Y888", source: https://www.cnn.com/ (189)
[0121/045047.021608:INFO:CONSOLE(189)] " ", source: https://www.cnn.com/ (189)
[1579582247.025][DEBUG]: DevTools WebSocket Event: Runtime.consoleAPICalled 5B5742C97CDCA216EDDD76573B9F0A2A {
   "args": [ {
      "type": "string",
      "value": " 888    888 888  Y88888 888  Y88888    Send your ideas to: bounty AT cnnlabs DOT com"
   } ],
   "executionContextId": 1,
   "stackTrace": {
      "callFrames": [ {
         "columnNumber": 4299,
         "functionName": "",
         "lineNumber": 188,
         "scriptId": "52",
         "url": "https://www.cnn.com/"
      } ]
   },
   "timestamp": 1579582246964.407,
   "type": "log"
}
[1579582247.026][DEBUG]: DevTools WebSocket Event: Runtime.consoleAPICalled 5B5742C97CDCA216EDDD76573B9F0A2A {
   "args": [ {
      "type": "string",
      "value": " Y88b  d88P 888   Y8888 888   Y8888"
   } ],
   "executionContextId": 1,
   "stackTrace": {
      "callFrames": [ {
         "columnNumber": 4399,
         "functionName": "",
         "lineNumber": 188,
         "scriptId": "52",
         "url": "https://www.cnn.com/"
      } ]
   },
   "timestamp": 1579582246965.093,
   "type": "log"
}
[1579582247.026][DEBUG]: DevTools WebSocket Event: Runtime.consoleAPICalled 5B5742C97CDCA216EDDD76573B9F0A2A {
   "args": [ {
      "type": "string",
      "value": "  \"Y8888P\"  888    Y888 888    Y888"
   } ],
   "executionContextId": 1,
   "stackTrace": {
      "callFrames": [ {
         "columnNumber": 4450,
         "functionName": "",
         "lineNumber": 188,
         "scriptId": "52",
         "url": "https://www.cnn.com/"
      } ]
   },
   "timestamp": 1579582246965.537,
   "type": "log"
}
[1579582247.026][DEBUG]: DevTools WebSocket Event: Runtime.consoleAPICalled 5B5742C97CDCA216EDDD76573B9F0A2A {
   "args": [ {
      "type": "string",
      "value": " "
   } ],
   "executionContextId": 1,
   "stackTrace": {
      "callFrames": [ {
         "columnNumber": 4501,
         "functionName": "",
         "lineNumber": 188,
         "scriptId": "52",
         "url": "https://www.cnn.com/"
      } ]
   },
   "timestamp": 1579582246965.8052,
   "type": "log"
}
[1579582247.763][DEBUG]: DevTools WebSocket Event: DOM.documentUpdated 5B5742C97CDCA216EDDD76573B9F0A2A {

}
[1579582247.764][DEBUG]: DevTools WebSocket Command: DOM.getDocument (id=21) 5B5742C97CDCA216EDDD76573B9F0A2A {

}
[1579582247.764][DEBUG]: DevTools WebSocket Event: Page.domContentEventFired 5B5742C97CDCA216EDDD76573B9F0A2A {
   "timestamp": 53465.849112
}
[1579582248.148][DEBUG]: DevTools WebSocket Event: Page.frameAttached 5B5742C97CDCA216EDDD76573B9F0A2A {
   "frameId": "5A419A20E74482A128E9A96B95FD702A",
   "parentFrameId": "5B5742C97CDCA216EDDD76573B9F0A2A",
   "stack": {
      "callFrames": [ {
         "columnNumber": 45,
         "functionName": "e",
         "lineNumber": 160,
         "scriptId": "13",
         "url": "https://agility.cnn.com/turner/cnn-prod/Bootstrap.js"
      }, {
         "columnNumber": 238,
         "functionName": "attachIframe",
         "lineNumber": 161,
         "scriptId": "13",
         "url": "https://agility.cnn.com/turner/cnn-prod/Bootstrap.js"
      }, {
         "columnNumber": 455,
         "functionName": "e",
         "lineNumber": 171,
         "scriptId": "13",
         "url": "https://agility.cnn.com/turner/cnn-prod/Bootstrap.js"
      }, {
         "columnNumber": 499,
         "functionName": "attachIframeASAP",
         "lineNumber": 171,
         "scriptId": "13",
         "url": "https://agility.cnn.com/turner/cnn-prod/Bootstrap.js"
      }, {
         "columnNumber": 95,
         "functionName": "processIDCallData",
         "lineNumber": 171,
         "scriptId": "13",
         "url": "https://agility.cnn.com/turner/cnn-prod/Bootstrap.js"
      }, {
         "columnNumber": 80,
         "functionName": "g._setFields",
         "lineNumber": 218,
         "scriptId": "13",
         "url": "https://agility.cnn.com/turner/cnn-prod/Bootstrap.js"
      }, {
         "columnNumber": 248,
         "functionName": "g._setFields",
         "lineNumber": 216,
         "scriptId": "13",
         "url": "https://agility.cnn.com/turner/cnn-prod/Bootstrap.js"
      }, {
         "columnNumber": 298,
         "functionName": "g._setMarketingCloudFields",
         "lineNumber": 220,
         "scriptId": "13",
         "url": "https://agility.cnn.com/turner/cnn-prod/Bootstrap.js"
      }, {
         "columnNumber": 233,
         "functionName": "r",
         "lineNumber": 153,
         "scriptId": "13",
         "url": "https://agility.cnn.com/turner/cnn-prod/Bootstrap.js"
      }, {
         "columnNumber": 170,
         "functionName": "corsMetadata.corsType.o.onreadystatechange",
         "lineNumber": 154,
         "scriptId": "13",
         "url": "https://agility.cnn.com/turner/cnn-prod/Bootstrap.js"
      } ]
   }
}
[1579582248.178][DEBUG]: DevTools WebSocket Event: Page.frameStartedLoading 5B5742C97CDCA216EDDD76573B9F0A2A {
   "frameId": "5A419A20E74482A128E9A96B95FD702A"
}
[1579582248.197][DEBUG]: DevTools WebSocket Event: Page.frameAttached 5B5742C97CDCA216EDDD76573B9F0A2A {
   "frameId": "9F6344E04DE658ED36F4BA8F47127631",
   "parentFrameId": "5B5742C97CDCA216EDDD76573B9F0A2A",
   "stack": {
      "callFrames": [ {
         "columnNumber": 35301,
         "functionName": "t",
         "lineNumber": 1,
         "scriptId": "12",
         "url": "https://c.amazon-adsystem.com/aax2/apstag.js"
      }, {
         "columnNumber": 35578,
         "functionName": "i",
         "lineNumber": 1,
         "scriptId": "12",
         "url": "https://c.amazon-adsystem.com/aax2/apstag.js"
      }, {
         "columnNumber": 35713,
         "functionName": "",
         "lineNumber": 1,
         "scriptId": "12",
         "url": "https://c.amazon-adsystem.com/aax2/apstag.js"
      } ]
   }
}
[1579582248.199][DEBUG]: DevTools WebSocket Event: Page.frameStartedLoading 5B5742C97CDCA216EDDD76573B9F0A2A {
   "frameId": "9F6344E04DE658ED36F4BA8F47127631"
}
[1579582248.232][DEBUG]: DevTools WebSocket Response: Runtime.evaluate (id=20) 5B5742C97CDCA216EDDD76573B9F0A2A {
   "result": {
      "description": "1",
      "type": "number",
      "value": 1
   }
}
[1579582248.920][DEBUG]: DevTools WebSocket Event: Page.frameAttached 5B5742C97CDCA216EDDD76573B9F0A2A {
   "frameId": "DF207CB9A332DC4AA3FB3E4D0212AD90",
   "parentFrameId": "5B5742C97CDCA216EDDD76573B9F0A2A",
   "stack": {
      "callFrames": [ {
         "columnNumber": 51623,
         "functionName": "",
         "lineNumber": 24,
         "scriptId": "5",
         "url": "https://www.cnn.com/.a/bundles/header.a548f6378b7d84cc83ab.bundle.js"
      }, {
         "columnNumber": 48459,
         "functionName": "Re",
         "lineNumber": 24,
         "scriptId": "5",
         "url": "https://www.cnn.com/.a/bundles/header.a548f6378b7d84cc83ab.bundle.js"
      }, {
         "columnNumber": 51521,
         "functionName": "replaceWith",
         "lineNumber": 24,
         "scriptId": "5",
         "url": "https://www.cnn.com/.a/bundles/header.a548f6378b7d84cc83ab.bundle.js"
      }, {
         "columnNumber": 48128,
         "functionName": "b",
         "lineNumber": 265,
         "scriptId": "10",
         "url": "https://www.cnn.com/.a/2.183.1/js/cnn-footer-lib-react.min.js"
      }, {
         "columnNumber": 53216,
         "functionName": "",
         "lineNumber": 265,
         "scriptId": "10",
         "url": "https://www.cnn.com/.a/2.183.1/js/cnn-footer-lib-react.min.js"
      }, {
         "columnNumber": 23296,
         "functionName": "l",
         "lineNumber": 24,
         "scriptId": "5",
         "url": "https://www.cnn.com/.a/bundles/header.a548f6378b7d84cc83ab.bundle.js"
      }, {
         "columnNumber": 24058,
         "functionName": "fireWith",
         "lineNumber": 24,
         "scriptId": "5",
         "url": "https://www.cnn.com/.a/bundles/header.a548f6378b7d84cc83ab.bundle.js"
      }, {
         "columnNumber": 82213,
         "functionName": "C",
         "lineNumber": 24,
         "scriptId": "5",
         "url": "https://www.cnn.com/.a/bundles/header.a548f6378b7d84cc83ab.bundle.js"
      }, {
         "columnNumber": 86455,
         "functionName": "t",
         "lineNumber": 24,
         "scriptId": "5",
         "url": "https://www.cnn.com/.a/bundles/header.a548f6378b7d84cc83ab.bundle.js"
      } ]
   }
}
[1579582249.203][DEBUG]: DevTools WebSocket Event: Page.frameStartedLoading 5B5742C97CDCA216EDDD76573B9F0A2A {
   "frameId": "DF207CB9A332DC4AA3FB3E4D0212AD90"
}
[0121/045049.205538:INFO:CONSOLE(0)] "A cookie associated with a cross-site resource at http://bing.com/ was set without the `SameSite` attribute. A future release of Chrome will only deliver cookies with cross-site requests if they are set with `SameSite=None` and `Secure`. You can review cookies in developer tools under Application>Storage>Cookies and see more details at https://www.chromestatus.com/feature/5088147346030592 and https://www.chromestatus.com/feature/5633521622188032.", source: https://www.cnn.com/ (0)
[1579582249.207][DEBUG]: DevTools WebSocket Event: Log.entryAdded 5B5742C97CDCA216EDDD76573B9F0A2A {
   "entry": {
      "level": "warning",
      "source": "other",
      "text": "A cookie associated with a cross-site resource at http://bing.com/ was set without the `SameSite` attribute. A future release of Chrome will only deliver cookies with cross-site requests if they ar...",
      "timestamp": 1579582249205.087,
      "url": "https://www.cnn.com/"
   }
}
[0121/045049.206079:INFO:CONSOLE(0)] "A cookie associated with a cross-site resource at http://bat.bing.com/ was set without the `SameSite` attribute. A future release of Chrome will only deliver cookies with cross-site requests if they are set with `SameSite=None` and `Secure`. You can review cookies in developer tools under Application>Storage>Cookies and see more details at https://www.chromestatus.com/feature/5088147346030592 and https://www.chromestatus.com/feature/5633521622188032.", source: https://www.cnn.com/ (0)
[1579582249.207][DEBUG]: DevTools WebSocket Event: Log.entryAdded 5B5742C97CDCA216EDDD76573B9F0A2A {
   "entry": {
      "level": "warning",
      "source": "other",
      "text": "A cookie associated with a cross-site resource at http://bat.bing.com/ was set without the `SameSite` attribute. A future release of Chrome will only deliver cookies with cross-site requests if the...",
      "timestamp": 1579582249205.44,
      "url": "https://www.cnn.com/"
   }
}
[1579582249.350][DEBUG]: DevTools WebSocket Response: DOM.getDocument (id=21) 5B5742C97CDCA216EDDD76573B9F0A2A {
   "root": {
      "backendNodeId": 1,
      "baseURL": "https://www.cnn.com/",
      "childNodeCount": 2,
      "children": [ {
         "backendNodeId": 2,
         "localName": "",
         "nodeId": 5,
         "nodeName": "html",
         "nodeType": 10,
         "nodeValue": "",
         "parentId": 4,
         "publicId": "",
         "systemId": ""
      }, {
         "attributes": [ "class", "js no-flash geolocation websockets localstorage webworkers no-touchevents fontface supports textshadow csscolumns csscolumns-width csscolumns-span csscolumns-fill csscolumns-gap csscolumns-rule css...", "style", "", "data-formfactor", "desktop" ],
         "backendNodeId": 3,
         "childNodeCount": 2,
         "children": [ {
            "attributes": [  ],
            "backendNodeId": 15,
            "childNodeCount": 142,
            "localName": "head",
            "nodeId": 7,
            "nodeName": "HEAD",
            "nodeType": 1,
            "nodeValue": "",
            "parentId": 6
         }, {
            "attributes": [ "class", "pg pg-vertical pg-vertical--news pg-homepage pg-section domestic t-light", "data-eq-pts", "xsmall: 0, medium: 460, large: 780, full16x9: 1100", "data-eq-state", "xsmall medium large" ],
            "backendNodeId": 16,
            "childNodeCount": 31,
            "localName": "body",
            "nodeId": 8,
            "nodeName": "BODY",
            "nodeType": 1,
            "nodeValue": "",
            "parentId": 6
         } ],
         "frameId": "5B5742C97CDCA216EDDD76573B9F0A2A",
         "localName": "html",
         "nodeId": 6,
         "nodeName": "HTML",
         "nodeType": 1,
         "nodeValue": "",
         "parentId": 4
      } ],
      "documentURL": "https://www.cnn.com/",
      "localName": "",
      "nodeId": 4,
      "nodeName": "#document",
      "nodeType": 9,
      "nodeValue": "",
      "xmlVersion": ""
   }
}
[1579582249.391][DEBUG]: DevTools WebSocket Event: DOM.childNodeCountUpdated 5B5742C97CDCA216EDDD76573B9F0A2A {
   "childNodeCount": 143,
   "nodeId": 7
}
[1579582249.391][DEBUG]: DevTools WebSocket Command: Runtime.evaluate (id=22) 5B5742C97CDCA216EDDD76573B9F0A2A {
   "expression": "1"
}
[1579582249.391][DEBUG]: DevTools WebSocket Event: DOM.childNodeCountUpdated 5B5742C97CDCA216EDDD76573B9F0A2A {
   "childNodeCount": 144,
   "nodeId": 7
}
[1579582249.391][DEBUG]: DevTools WebSocket Event: DOM.childNodeCountUpdated 5B5742C97CDCA216EDDD76573B9F0A2A {
   "childNodeCount": 145,
   "nodeId": 7
}
[0121/045049.436705:INFO:CONSOLE(1)] "Uncaught SyntaxError: Unexpected token ','", source: https://cnn.sdk.beemray.com/content/websdk/39a34d8d-dd1d-4fbf-aa96-fdc5f0329451?source=aHR0cHM6Ly93d3cuY25uLmNvbS8= (1)
[1579582249.439][DEBUG]: DevTools WebSocket Event: Runtime.exceptionThrown 5B5742C97CDCA216EDDD76573B9F0A2A {
   "exceptionDetails": {
      "columnNumber": 70059,
      "exception": {
         "className": "SyntaxError",
         "description": "SyntaxError: Unexpected token ','",
         "objectId": "{\"injectedScriptId\":1,\"id\":1}",
         "preview": {
            "description": "SyntaxError: Unexpected token ','",
            "overflow": false,
            "properties": [ {
               "name": "stack",
               "type": "string",
               "value": "SyntaxError: Unexpected token ','"
            }, {
               "name": "message",
               "type": "string",
               "value": "Unexpected token ','"
            } ],
            "subtype": "error",
            "type": "object"
         },
         "subtype": "error",
         "type": "object"
      },
      "exceptionId": 1,
      "executionContextId": 1,
      "lineNumber": 0,
      "scriptId": "43",
      "text": "Uncaught",
      "url": "https://cnn.sdk.beemray.com/content/websdk/39a34d8d-dd1d-4fbf-aa96-fdc5f0329451?source=aHR0cHM6Ly93d3cuY25uLmNvbS8="
   },
   "timestamp": 1579582249436.572
}
[0121/045049.447109:INFO:CONSOLE(0)] "A cookie associated with a cross-site resource at http://mid.rkdms.com/ was set without the `SameSite` attribute. A future release of Chrome will only deliver cookies with cross-site requests if they are set with `SameSite=None` and `Secure`. You can review cookies in developer tools under Application>Storage>Cookies and see more details at https://www.chromestatus.com/feature/5088147346030592 and https://www.chromestatus.com/feature/5633521622188032.", source: https://www.cnn.com/ (0)
[1579582249.448][DEBUG]: DevTools WebSocket Event: Log.entryAdded 5B5742C97CDCA216EDDD76573B9F0A2A {
   "entry": {
      "level": "warning",
      "source": "other",
      "text": "A cookie associated with a cross-site resource at http://mid.rkdms.com/ was set without the `SameSite` attribute. A future release of Chrome will only deliver cookies with cross-site requests if th...",
      "timestamp": 1579582249446.127,
      "url": "https://www.cnn.com/"
   }
}
[0121/045049.461959:INFO:CONSOLE(0)] "A cookie associated with a resource at http://adsrvr.org/ was set with `SameSite=None` but without `Secure`. A future release of Chrome will only deliver cookies marked `SameSite=None` if they are also marked `Secure`. You can review cookies in developer tools under Application>Storage>Cookies and see more details at https://www.chromestatus.com/feature/5633521622188032.", source: https://www.cnn.com/ (0)
[1579582249.463][DEBUG]: DevTools WebSocket Event: Log.entryAdded 5B5742C97CDCA216EDDD76573B9F0A2A {
   "entry": {
      "level": "warning",
      "source": "other",
      "text": "A cookie associated with a resource at http://adsrvr.org/ was set with `SameSite=None` but without `Secure`. A future release of Chrome will only deliver cookies marked `SameSite=None` if they are ...",
      "timestamp": 1579582249461.142,
      "url": "https://www.cnn.com/"
   }
}
[1579582249.497][DEBUG]: DevTools WebSocket Event: Page.frameNavigated 5B5742C97CDCA216EDDD76573B9F0A2A {
   "frame": {
      "id": "5A419A20E74482A128E9A96B95FD702A",
      "loaderId": "62EFF40B5F66D7FCBC21D19721DF2012",
      "mimeType": "text/html",
      "name": "destination_publishing_iframe_turner2_0_name",
      "parentId": "5B5742C97CDCA216EDDD76573B9F0A2A",
      "securityOrigin": "https://turner2.demdex.net",
      "url": "https://turner2.demdex.net/dest5.html?d_nsid=0",
      "urlFragment": "#https%3A%2F%2Fwww.cnn.com"
   }
}
[1579582249.497][DEBUG]: DevTools WebSocket Event: Runtime.executionContextCreated 5B5742C97CDCA216EDDD76573B9F0A2A {
   "context": {
      "auxData": {
         "frameId": "5A419A20E74482A128E9A96B95FD702A",
         "isDefault": true,
         "type": "default"
      },
      "id": 3,
      "name": "",
      "origin": "https://turner2.demdex.net"
   }
}
[0121/045049.504909:INFO:CONSOLE(0)] "A cookie associated with a cross-site resource at http://everesttech.net/ was set without the `SameSite` attribute. A future release of Chrome will only deliver cookies with cross-site requests if they are set with `SameSite=None` and `Secure`. You can review cookies in developer tools under Application>Storage>Cookies and see more details at https://www.chromestatus.com/feature/5088147346030592 and https://www.chromestatus.com/feature/5633521622188032.", source: https://www.cnn.com/ (0)
[1579582249.506][DEBUG]: DevTools WebSocket Event: Log.entryAdded 5B5742C97CDCA216EDDD76573B9F0A2A {
   "entry": {
      "level": "warning",
      "source": "other",
      "text": "A cookie associated with a cross-site resource at http://everesttech.net/ was set without the `SameSite` attribute. A future release of Chrome will only deliver cookies with cross-site requests if ...",
      "timestamp": 1579582249503.746,
      "url": "https://www.cnn.com/"
   }
}
[0121/045049.505288:INFO:CONSOLE(0)] "A cookie associated with a cross-site resource at http://amazon-adsystem.com/ was set without the `SameSite` attribute. A future release of Chrome will only deliver cookies with cross-site requests if they are set with `SameSite=None` and `Secure`. You can review cookies in developer tools under Application>Storage>Cookies and see more details at https://www.chromestatus.com/feature/5088147346030592 and https://www.chromestatus.com/feature/5633521622188032.", source: https://www.cnn.com/ (0)
[1579582249.506][DEBUG]: DevTools WebSocket Event: Log.entryAdded 5B5742C97CDCA216EDDD76573B9F0A2A {
   "entry": {
      "level": "warning",
      "source": "other",
      "text": "A cookie associated with a cross-site resource at http://amazon-adsystem.com/ was set without the `SameSite` attribute. A future release of Chrome will only deliver cookies with cross-site requests...",
      "timestamp": 1579582249503.936,
      "url": "https://www.cnn.com/"
   }
}
[1579582249.526][DEBUG]: DevTools WebSocket Event: Page.frameNavigated 5B5742C97CDCA216EDDD76573B9F0A2A {
   "frame": {
      "id": "9F6344E04DE658ED36F4BA8F47127631",
      "loaderId": "934747218F8C1F0B06FDF191AF52464C",
      "mimeType": "text/html",
      "name": "",
      "parentId": "5B5742C97CDCA216EDDD76573B9F0A2A",
      "securityOrigin": "https://s.amazon-adsystem.com",
      "url": "https://s.amazon-adsystem.com/iu3?cm3ppd=1&d=dtb-pub&csif=t&dl=ym_rbd_3lift&dcc=t"
   }
}
[1579582249.526][DEBUG]: DevTools WebSocket Event: Runtime.executionContextCreated 5B5742C97CDCA216EDDD76573B9F0A2A {
   "context": {
      "auxData": {
         "frameId": "9F6344E04DE658ED36F4BA8F47127631",
         "isDefault": true,
         "type": "default"
      },
      "id": 4,
      "name": "",
      "origin": "https://s.amazon-adsystem.com"
   }
}
[1579582249.544][DEBUG]: DevTools WebSocket Event: Page.frameNavigated 5B5742C97CDCA216EDDD76573B9F0A2A {
   "frame": {
      "id": "DF207CB9A332DC4AA3FB3E4D0212AD90",
      "loaderId": "638EF417E183698F67A084CAAB421C40",
      "mimeType": "text/html",
      "name": "",
      "parentId": "5B5742C97CDCA216EDDD76573B9F0A2A",
      "securityOrigin": "https://widgets.tree.com",
      "url": "https://widgets.tree.com/widget/5bbcee9cc41b5300018c719d"
   }
}
[1579582249.544][DEBUG]: DevTools WebSocket Event: Runtime.executionContextCreated 5B5742C97CDCA216EDDD76573B9F0A2A {
   "context": {
      "auxData": {
         "frameId": "DF207CB9A332DC4AA3FB3E4D0212AD90",
         "isDefault": true,
         "type": "default"
      },
      "id": 5,
      "name": "",
      "origin": "https://widgets.tree.com"
   }
}
[1579582249.574][DEBUG]: DevTools WebSocket Event: Page.frameAttached 5B5742C97CDCA216EDDD76573B9F0A2A {
   "frameId": "E98A5982F2C67106CDC133961CCF0A4C",
   "parentFrameId": "5B5742C97CDCA216EDDD76573B9F0A2A",
   "stack": {
      "callFrames": [ {
         "columnNumber": 51623,
         "functionName": "",
         "lineNumber": 24,
         "scriptId": "5",
         "url": "https://www.cnn.com/.a/bundles/header.a548f6378b7d84cc83ab.bundle.js"
      }, {
         "columnNumber": 48459,
         "functionName": "Re",
         "lineNumber": 24,
         "scriptId": "5",
         "url": "https://www.cnn.com/.a/bundles/header.a548f6378b7d84cc83ab.bundle.js"
      }, {
         "columnNumber": 51521,
         "functionName": "replaceWith",
         "lineNumber": 24,
         "scriptId": "5",
         "url": "https://www.cnn.com/.a/bundles/header.a548f6378b7d84cc83ab.bundle.js"
      }, {
         "columnNumber": 48128,
         "functionName": "b",
         "lineNumber": 265,
         "scriptId": "10",
         "url": "https://www.cnn.com/.a/2.183.1/js/cnn-footer-lib-react.min.js"
      }, {
         "columnNumber": 53216,
         "functionName": "",
         "lineNumber": 265,
         "scriptId": "10",
         "url": "https://www.cnn.com/.a/2.183.1/js/cnn-footer-lib-react.min.js"
      }, {
         "columnNumber": 23296,
         "functionName": "l",
         "lineNumber": 24,
         "scriptId": "5",
         "url": "https://www.cnn.com/.a/bundles/header.a548f6378b7d84cc83ab.bundle.js"
      }, {
         "columnNumber": 24058,
         "functionName": "fireWith",
         "lineNumber": 24,
         "scriptId": "5",
         "url": "https://www.cnn.com/.a/bundles/header.a548f6378b7d84cc83ab.bundle.js"
      }, {
         "columnNumber": 82213,
         "functionName": "C",
         "lineNumber": 24,
         "scriptId": "5",
         "url": "https://www.cnn.com/.a/bundles/header.a548f6378b7d84cc83ab.bundle.js"
      }, {
         "columnNumber": 86455,
         "functionName": "t",
         "lineNumber": 24,
         "scriptId": "5",
         "url": "https://www.cnn.com/.a/bundles/header.a548f6378b7d84cc83ab.bundle.js"
      } ]
   }
}
[1579582249.579][DEBUG]: DevTools WebSocket Event: Page.frameStartedLoading 5B5742C97CDCA216EDDD76573B9F0A2A {
   "frameId": "E98A5982F2C67106CDC133961CCF0A4C"
}
[1579582249.580][DEBUG]: DevTools WebSocket Event: Page.frameAttached 5B5742C97CDCA216EDDD76573B9F0A2A {
   "frameId": "5E0E242299D3B4AE0015C41F4575136A",
   "parentFrameId": "5B5742C97CDCA216EDDD76573B9F0A2A",
   "stack": {
      "callFrames": [ {
         "columnNumber": 51623,
         "functionName": "",
         "lineNumber": 24,
         "scriptId": "5",
         "url": "https://www.cnn.com/.a/bundles/header.a548f6378b7d84cc83ab.bundle.js"
      }, {
         "columnNumber": 48459,
         "functionName": "Re",
         "lineNumber": 24,
         "scriptId": "5",
         "url": "https://www.cnn.com/.a/bundles/header.a548f6378b7d84cc83ab.bundle.js"
      }, {
         "columnNumber": 51521,
         "functionName": "replaceWith",
         "lineNumber": 24,
         "scriptId": "5",
         "url": "https://www.cnn.com/.a/bundles/header.a548f6378b7d84cc83ab.bundle.js"
      }, {
         "columnNumber": 48128,
         "functionName": "b",
         "lineNumber": 265,
         "scriptId": "10",
         "url": "https://www.cnn.com/.a/2.183.1/js/cnn-footer-lib-react.min.js"
      }, {
         "columnNumber": 53216,
         "functionName": "",
         "lineNumber": 265,
         "scriptId": "10",
         "url": "https://www.cnn.com/.a/2.183.1/js/cnn-footer-lib-react.min.js"
      }, {
         "columnNumber": 23296,
         "functionName": "l",
         "lineNumber": 24,
         "scriptId": "5",
         "url": "https://www.cnn.com/.a/bundles/header.a548f6378b7d84cc83ab.bundle.js"
      }, {
         "columnNumber": 24058,
         "functionName": "fireWith",
         "lineNumber": 24,
         "scriptId": "5",
         "url": "https://www.cnn.com/.a/bundles/header.a548f6378b7d84cc83ab.bundle.js"
      }, {
         "columnNumber": 82213,
         "functionName": "C",
         "lineNumber": 24,
         "scriptId": "5",
         "url": "https://www.cnn.com/.a/bundles/header.a548f6378b7d84cc83ab.bundle.js"
      }, {
         "columnNumber": 86455,
         "functionName": "t",
         "lineNumber": 24,
         "scriptId": "5",
         "url": "https://www.cnn.com/.a/bundles/header.a548f6378b7d84cc83ab.bundle.js"
      } ]
   }
}
[1579582250.169][DEBUG]: DevTools WebSocket Event: Page.frameStartedLoading 5B5742C97CDCA216EDDD76573B9F0A2A {
   "frameId": "5E0E242299D3B4AE0015C41F4575136A"
}
[1579582250.169][DEBUG]: DevTools WebSocket Event: DOM.childNodeCountUpdated 5B5742C97CDCA216EDDD76573B9F0A2A {
   "childNodeCount": 146,
   "nodeId": 7
}
[1579582250.169][DEBUG]: DevTools WebSocket Event: DOM.attributeModified 5B5742C97CDCA216EDDD76573B9F0A2A {
   "name": "class",
   "nodeId": 8,
   "value": "pg pg-vertical pg-vertical--news pg-homepage pg-section domestic t-light multi-ads--complete"
}
[1579582250.169][DEBUG]: DevTools WebSocket Event: DOM.childNodeCountUpdated 5B5742C97CDCA216EDDD76573B9F0A2A {
   "childNodeCount": 147,
   "nodeId": 7
}
[1579582250.170][DEBUG]: DevTools WebSocket Event: DOM.childNodeInserted 5B5742C97CDCA216EDDD76573B9F0A2A {
   "node": {
      "attributes": [ "style", "border: 0px; width: 8px; height: 0px; top: 0px; left: -9999px; padding: 0px; margin-top: 1px; position: absolute;" ],
      "backendNodeId": 17,
      "childNodeCount": 1,
      "localName": "div",
      "nodeId": 9,
      "nodeName": "DIV",
      "nodeType": 1,
      "nodeValue": ""
   },
   "parentNodeId": 6,
   "previousNodeId": 8
}
[1579582250.170][DEBUG]: DevTools WebSocket Event: DOM.childNodeRemoved 5B5742C97CDCA216EDDD76573B9F0A2A {
   "nodeId": 9,
   "parentNodeId": 6
}
[1579582250.170][DEBUG]: DevTools WebSocket Event: DOM.childNodeCountUpdated 5B5742C97CDCA216EDDD76573B9F0A2A {
   "childNodeCount": 148,
   "nodeId": 7
}
[1579582250.170][DEBUG]: DevTools WebSocket Event: DOM.childNodeCountUpdated 5B5742C97CDCA216EDDD76573B9F0A2A {
   "childNodeCount": 149,
   "nodeId": 7
}
[1579582250.218][DEBUG]: DevTools WebSocket Response: Runtime.evaluate (id=22) 5B5742C97CDCA216EDDD76573B9F0A2A {
   "result": {
      "description": "1",
      "type": "number",
      "value": 1
   }
}
[1579582250.253][DEBUG]: DevTools WebSocket Event: Page.frameStoppedLoading 5B5742C97CDCA216EDDD76573B9F0A2A {
   "frameId": "1E4C6884410CCC97EE95A8B53458851D"
}
[1579582250.253][DEBUG]: DevTools WebSocket Command: Runtime.evaluate (id=23) 5B5742C97CDCA216EDDD76573B9F0A2A {
   "expression": "1"
}
[1579582250.268][DEBUG]: DevTools WebSocket Event: DOM.childNodeCountUpdated 5B5742C97CDCA216EDDD76573B9F0A2A {
   "childNodeCount": 148,
   "nodeId": 7
}
[1579582250.279][DEBUG]: DevTools WebSocket Event: DOM.childNodeCountUpdated 5B5742C97CDCA216EDDD76573B9F0A2A {
   "childNodeCount": 32,
   "nodeId": 8
}
[1579582250.372][DEBUG]: DevTools WebSocket Event: Page.frameNavigated 5B5742C97CDCA216EDDD76573B9F0A2A {
   "frame": {
      "id": "5E0E242299D3B4AE0015C41F4575136A",
      "loaderId": "0F28484C02803E0B6645600528881181",
      "mimeType": "text/html",
      "name": "",
      "parentId": "5B5742C97CDCA216EDDD76573B9F0A2A",
      "securityOrigin": "https://healthguides.cnn.com",
      "url": "https://healthguides.cnn.com/ucms/rss/cnn-hp-health-link-1?renderer=html"
   }
}
[1579582250.372][DEBUG]: DevTools WebSocket Event: Runtime.executionContextCreated 5B5742C97CDCA216EDDD76573B9F0A2A {
   "context": {
      "auxData": {
         "frameId": "5E0E242299D3B4AE0015C41F4575136A",
         "isDefault": true,
         "type": "default"
      },
      "id": 6,
      "name": "",
      "origin": "https://healthguides.cnn.com"
   }
}
[1579582250.383][DEBUG]: DevTools WebSocket Event: Page.frameNavigated 5B5742C97CDCA216EDDD76573B9F0A2A {
   "frame": {
      "id": "E98A5982F2C67106CDC133961CCF0A4C",
      "loaderId": "0E2529553A30A7C3C744574F1B239158",
      "mimeType": "text/html",
      "name": "",
      "parentId": "5B5742C97CDCA216EDDD76573B9F0A2A",
      "securityOrigin": "https://podcasts.cnn.net",
      "url": "https://podcasts.cnn.net/embed/single/skin/skslja/senators-final-sprint.html"
   }
}
[1579582250.383][DEBUG]: DevTools WebSocket Event: Runtime.executionContextCreated 5B5742C97CDCA216EDDD76573B9F0A2A {
   "context": {
      "auxData": {
         "frameId": "E98A5982F2C67106CDC133961CCF0A4C",
         "isDefault": true,
         "type": "default"
      },
      "id": 7,
      "name": "",
      "origin": "https://podcasts.cnn.net"
   }
}
[0121/045050.384033:INFO:CONSOLE(0)] "A cookie associated with a cross-site resource at http://widgets.outbrain.com/ was set without the `SameSite` attribute. A future release of Chrome will only deliver cookies with cross-site requests if they are set with `SameSite=None` and `Secure`. You can review cookies in developer tools under Application>Storage>Cookies and see more details at https://www.chromestatus.com/feature/5088147346030592 and https://www.chromestatus.com/feature/5633521622188032.", source: https://www.cnn.com/ (0)
[1579582250.385][DEBUG]: DevTools WebSocket Event: Log.entryAdded 5B5742C97CDCA216EDDD76573B9F0A2A {
   "entry": {
      "level": "warning",
      "source": "other",
      "text": "A cookie associated with a cross-site resource at http://widgets.outbrain.com/ was set without the `SameSite` attribute. A future release of Chrome will only deliver cookies with cross-site request...",
      "timestamp": 1579582250383.605,
      "url": "https://www.cnn.com/"
   }
}
[1579582250.548][DEBUG]: DevTools WebSocket Event: DOM.childNodeCountUpdated 5B5742C97CDCA216EDDD76573B9F0A2A {
   "childNodeCount": 33,
   "nodeId": 8
}
[1579582250.623][DEBUG]: DevTools WebSocket Event: DOM.childNodeCountUpdated 5B5742C97CDCA216EDDD76573B9F0A2A {
   "childNodeCount": 149,
   "nodeId": 7
}
[1579582251.439][DEBUG]: DevTools WebSocket Event: DOM.childNodeCountUpdated 5B5742C97CDCA216EDDD76573B9F0A2A {
   "childNodeCount": 150,
   "nodeId": 7
}
[1579582251.973][DEBUG]: DevTools WebSocket Response: Runtime.evaluate (id=23) 5B5742C97CDCA216EDDD76573B9F0A2A {
   "result": {
      "description": "1",
      "type": "number",
      "value": 1
   }
}
[1579582252.083][DEBUG]: DevTools WebSocket Event: DOM.childNodeInserted 5B5742C97CDCA216EDDD76573B9F0A2A {
   "node": {
      "attributes": [ "id", "kx-proxy-ITb_4eqO", "src", "https://cdn.krxd.net/partnerjs/xdi/proxy.3d2100fd7107262ecb55ce6847f01fa5.html#!kxcid=ITb_4eqO&kxt=https%3A%2F%2Fwww.cnn.com&kxcl=cdn&kxp=", "style", "display: none; visibility: hidden; height: 0; width: 0;" ],
      "backendNodeId": 19,
      "childNodeCount": 0,
      "localName": "iframe",
      "nodeId": 10,
      "nodeName": "IFRAME",
      "nodeType": 1,
      "nodeValue": ""
   },
   "parentNodeId": 6,
   "previousNodeId": 8
}
[1579582252.085][DEBUG]: DevTools WebSocket Event: Page.frameAttached 5B5742C97CDCA216EDDD76573B9F0A2A {
   "frameId": "4313EE78F93B49C62FBB4FB20E999890",
   "parentFrameId": "5B5742C97CDCA216EDDD76573B9F0A2A",
   "stack": {
      "callFrames": [ {
         "columnNumber": 56644,
         "functionName": "a",
         "lineNumber": 4,
         "scriptId": "69",
         "url": "https://cdn.krxd.net/ctjs/controltag.js.05f9d0dad02f8a1b0b028b868bc3a3e2"
      }, {
         "columnNumber": 56865,
         "functionName": "e.insert",
         "lineNumber": 4,
         "scriptId": "69",
         "url": "https://cdn.krxd.net/ctjs/controltag.js.05f9d0dad02f8a1b0b028b868bc3a3e2"
      }, {
         "columnNumber": 60896,
         "functionName": "IFrame.insert",
         "lineNumber": 4,
         "scriptId": "69",
         "url": "https://cdn.krxd.net/ctjs/controltag.js.05f9d0dad02f8a1b0b028b868bc3a3e2"
      }, {
         "columnNumber": 60692,
         "functionName": "IFrame",
         "lineNumber": 4,
         "scriptId": "69",
         "url": "https://cdn.krxd.net/ctjs/controltag.js.05f9d0dad02f8a1b0b028b868bc3a3e2"
      }, {
         "columnNumber": 90918,
         "functionName": "e.init",
         "lineNumber": 4,
         "scriptId": "69",
         "url": "https://cdn.krxd.net/ctjs/controltag.js.05f9d0dad02f8a1b0b028b868bc3a3e2"
      }, {
         "columnNumber": 72124,
         "functionName": "e.client",
         "lineNumber": 4,
         "scriptId": "69",
         "url": "https://cdn.krxd.net/ctjs/controltag.js.05f9d0dad02f8a1b0b028b868bc3a3e2"
      }, {
         "columnNumber": 251690,
         "functionName": "e.init",
         "lineNumber": 4,
         "scriptId": "69",
         "url": "https://cdn.krxd.net/ctjs/controltag.js.05f9d0dad02f8a1b0b028b868bc3a3e2"
      }, {
         "columnNumber": 1189,
         "functionName": "r.commit.r.ns.t.exports.window.Krux",
         "lineNumber": 4,
         "scriptId": "69",
         "url": "https://cdn.krxd.net/ctjs/controltag.js.05f9d0dad02f8a1b0b028b868bc3a3e2"
      }, {
         "columnNumber": 4,
         "functionName": "",
         "lineNumber": 71,
         "scriptId": "29",
         "url": "https://cdn.krxd.net/controltag?confid=ITb_4eqO"
      }, {
         "columnNumber": 8,
         "functionName": "node.onload.node.onreadystatechange",
         "lineNumber": 29,
         "scriptId": "29",
         "url": "https://cdn.krxd.net/controltag?confid=ITb_4eqO"
      } ]
   }
}
[1579582252.086][DEBUG]: DevTools WebSocket Command: Runtime.evaluate (id=24) 5B5742C97CDCA216EDDD76573B9F0A2A {
   "expression": "1"
}
[1579582252.122][DEBUG]: DevTools WebSocket Event: Page.frameStartedLoading 5B5742C97CDCA216EDDD76573B9F0A2A {
   "frameId": "4313EE78F93B49C62FBB4FB20E999890"
}
[1579582252.133][DEBUG]: DevTools WebSocket Event: DOM.childNodeCountUpdated 5B5742C97CDCA216EDDD76573B9F0A2A {
   "childNodeCount": 151,
   "nodeId": 7
}
[1579582252.133][DEBUG]: DevTools WebSocket Event: DOM.childNodeCountUpdated 5B5742C97CDCA216EDDD76573B9F0A2A {
   "childNodeCount": 152,
   "nodeId": 7
}
[1579582252.135][DEBUG]: DevTools WebSocket Event: DOM.childNodeCountUpdated 5B5742C97CDCA216EDDD76573B9F0A2A {
   "childNodeCount": 34,
   "nodeId": 8
}
[1579582252.135][DEBUG]: DevTools WebSocket Event: Page.frameAttached 5B5742C97CDCA216EDDD76573B9F0A2A {
   "frameId": "50E9B07395F2FDAD9F829FF08F4D3903",
   "parentFrameId": "5B5742C97CDCA216EDDD76573B9F0A2A",
   "stack": {
      "callFrames": [ {
         "columnNumber": 2333,
         "functionName": "e",
         "lineNumber": 0,
         "scriptId": "73",
         "url": "https://www.i.cdn.cnn.com/.a/bundles/usabilla.f0a55601993ee7d57c58.bundle.js"
      } ]
   }
}
[1579582252.166][DEBUG]: DevTools WebSocket Event: Page.frameStartedLoading 5B5742C97CDCA216EDDD76573B9F0A2A {
   "frameId": "50E9B07395F2FDAD9F829FF08F4D3903"
}
[1579582252.166][DEBUG]: DevTools WebSocket Event: Page.frameNavigated 5B5742C97CDCA216EDDD76573B9F0A2A {
   "frame": {
      "id": "50E9B07395F2FDAD9F829FF08F4D3903",
      "loaderId": "D55050EC95C5FF61657EF6CC4FFC46B7",
      "mimeType": "text/html",
      "name": "lightningjs-frame-usabilla_live",
      "parentId": "5B5742C97CDCA216EDDD76573B9F0A2A",
      "securityOrigin": "://",
      "url": "about:blank"
   }
}
[1579582252.166][DEBUG]: DevTools WebSocket Event: Runtime.executionContextCreated 5B5742C97CDCA216EDDD76573B9F0A2A {
   "context": {
      "auxData": {
         "frameId": "50E9B07395F2FDAD9F829FF08F4D3903",
         "isDefault": true,
         "type": "default"
      },
      "id": 8,
      "name": "",
      "origin": "https://www.cnn.com"
   }
}
[1579582252.189][DEBUG]: DevTools WebSocket Event: Page.frameStoppedLoading 5B5742C97CDCA216EDDD76573B9F0A2A {
   "frameId": "50E9B07395F2FDAD9F829FF08F4D3903"
}
[1579582252.189][DEBUG]: DevTools WebSocket Event: Page.frameStartedLoading 5B5742C97CDCA216EDDD76573B9F0A2A {
   "frameId": "50E9B07395F2FDAD9F829FF08F4D3903"
}
[1579582252.190][DEBUG]: DevTools WebSocket Event: Page.frameStoppedLoading 5B5742C97CDCA216EDDD76573B9F0A2A {
   "frameId": "50E9B07395F2FDAD9F829FF08F4D3903"
}
[1579582252.237][DEBUG]: DevTools WebSocket Event: DOM.childNodeCountUpdated 5B5742C97CDCA216EDDD76573B9F0A2A {
   "childNodeCount": 151,
   "nodeId": 7
}
[1579582252.262][DEBUG]: DevTools WebSocket Event: DOM.childNodeCountUpdated 5B5742C97CDCA216EDDD76573B9F0A2A {
   "childNodeCount": 150,
   "nodeId": 7
}
[1579582252.267][DEBUG]: DevTools WebSocket Event: DOM.childNodeCountUpdated 5B5742C97CDCA216EDDD76573B9F0A2A {
   "childNodeCount": 149,
   "nodeId": 7
}
[1579582252.269][DEBUG]: DevTools WebSocket Event: DOM.childNodeCountUpdated 5B5742C97CDCA216EDDD76573B9F0A2A {
   "childNodeCount": 148,
   "nodeId": 7
}
[1579582252.274][DEBUG]: DevTools WebSocket Event: DOM.childNodeCountUpdated 5B5742C97CDCA216EDDD76573B9F0A2A {
   "childNodeCount": 147,
   "nodeId": 7
}
[1579582252.277][DEBUG]: DevTools WebSocket Event: DOM.childNodeCountUpdated 5B5742C97CDCA216EDDD76573B9F0A2A {
   "childNodeCount": 146,
   "nodeId": 7
}
[0121/045052.313684:INFO:CONSOLE(0)] "A cookie associated with a resource at http://adnxs.com/ was set with `SameSite=None` but without `Secure`. A future release of Chrome will only deliver cookies marked `SameSite=None` if they are also marked `Secure`. You can review cookies in developer tools under Application>Storage>Cookies and see more details at https://www.chromestatus.com/feature/5633521622188032.", source: https://www.cnn.com/ (0)
[1579582252.315][DEBUG]: DevTools WebSocket Event: Log.entryAdded 5B5742C97CDCA216EDDD76573B9F0A2A {
   "entry": {
      "level": "warning",
      "source": "other",
      "text": "A cookie associated with a resource at http://adnxs.com/ was set with `SameSite=None` but without `Secure`. A future release of Chrome will only deliver cookies marked `SameSite=None` if they are a...",
      "timestamp": 1579582252313.14,
      "url": "https://www.cnn.com/"
   }
}
[1579582252.487][DEBUG]: DevTools WebSocket Event: DOM.childNodeCountUpdated 5B5742C97CDCA216EDDD76573B9F0A2A {
   "childNodeCount": 35,
   "nodeId": 8
}
[1579582252.487][DEBUG]: DevTools WebSocket Event: DOM.childNodeCountUpdated 5B5742C97CDCA216EDDD76573B9F0A2A {
   "childNodeCount": 34,
   "nodeId": 8
}
[1579582252.487][DEBUG]: DevTools WebSocket Event: DOM.childNodeCountUpdated 5B5742C97CDCA216EDDD76573B9F0A2A {
   "childNodeCount": 35,
   "nodeId": 8
}
[1579582252.487][DEBUG]: DevTools WebSocket Event: DOM.childNodeCountUpdated 5B5742C97CDCA216EDDD76573B9F0A2A {
   "childNodeCount": 36,
   "nodeId": 8
}
[1579582252.487][DEBUG]: DevTools WebSocket Event: DOM.childNodeCountUpdated 5B5742C97CDCA216EDDD76573B9F0A2A {
   "childNodeCount": 37,
   "nodeId": 8
}
[1579582252.487][DEBUG]: DevTools WebSocket Event: DOM.childNodeCountUpdated 5B5742C97CDCA216EDDD76573B9F0A2A {
   "childNodeCount": 38,
   "nodeId": 8
}
[1579582252.488][DEBUG]: DevTools WebSocket Event: DOM.childNodeCountUpdated 5B5742C97CDCA216EDDD76573B9F0A2A {
   "childNodeCount": 39,
   "nodeId": 8
}
[1579582252.488][DEBUG]: DevTools WebSocket Event: DOM.childNodeCountUpdated 5B5742C97CDCA216EDDD76573B9F0A2A {
   "childNodeCount": 40,
   "nodeId": 8
}
[1579582252.488][DEBUG]: DevTools WebSocket Event: DOM.childNodeCountUpdated 5B5742C97CDCA216EDDD76573B9F0A2A {
   "childNodeCount": 41,
   "nodeId": 8
}
[1579582252.547][DEBUG]: DevTools WebSocket Response: Runtime.evaluate (id=24) 5B5742C97CDCA216EDDD76573B9F0A2A {
   "result": {
      "description": "1",
      "type": "number",
      "value": 1
   }
}
[1579582252.615][DEBUG]: DevTools WebSocket Event: Page.frameNavigated 5B5742C97CDCA216EDDD76573B9F0A2A {
   "frame": {
      "id": "4313EE78F93B49C62FBB4FB20E999890",
      "loaderId": "6315C4BCAD58BCD159A5CA6A7D570B40",
      "mimeType": "text/html",
      "name": "kx-proxy-ITb_4eqO",
      "parentId": "5B5742C97CDCA216EDDD76573B9F0A2A",
      "securityOrigin": "https://cdn.krxd.net",
      "url": "https://cdn.krxd.net/partnerjs/xdi/proxy.3d2100fd7107262ecb55ce6847f01fa5.html",
      "urlFragment": "#!kxcid=ITb_4eqO&kxt=https%3A%2F%2Fwww.cnn.com&kxcl=cdn&kxp="
   }
}
[1579582252.616][DEBUG]: DevTools WebSocket Event: DOM.childNodeRemoved 5B5742C97CDCA216EDDD76573B9F0A2A {
   "nodeId": 10,
   "parentNodeId": 6
}
[1579582252.616][DEBUG]: DevTools WebSocket Event: DOM.childNodeInserted 5B5742C97CDCA216EDDD76573B9F0A2A {
   "node": {
      "attributes": [ "id", "kx-proxy-ITb_4eqO", "src", "https://cdn.krxd.net/partnerjs/xdi/proxy.3d2100fd7107262ecb55ce6847f01fa5.html#!kxcid=ITb_4eqO&kxt=https%3A%2F%2Fwww.cnn.com&kxcl=cdn&kxp=", "style", "display: none; visibility: hidden; height: 0; width: 0;" ],
      "backendNodeId": 19,
      "childNodeCount": 0,
      "contentDocument": {
         "backendNodeId": 21,
         "baseURL": "https://cdn.krxd.net/partnerjs/xdi/proxy.3d2100fd7107262ecb55ce6847f01fa5.html#!kxcid=ITb_4eqO&kxt=https%3A%2F%2Fwww.cnn.com&kxcl=cdn&kxp=",
         "childNodeCount": 0,
         "documentURL": "https://cdn.krxd.net/partnerjs/xdi/proxy.3d2100fd7107262ecb55ce6847f01fa5.html#!kxcid=ITb_4eqO&kxt=https%3A%2F%2Fwww.cnn.com&kxcl=cdn&kxp=",
         "localName": "",
         "nodeId": 12,
         "nodeName": "#document",
         "nodeType": 9,
         "nodeValue": "",
         "xmlVersion": ""
      },
      "frameId": "4313EE78F93B49C62FBB4FB20E999890",
      "localName": "iframe",
      "nodeId": 11,
      "nodeName": "IFRAME",
      "nodeType": 1,
      "nodeValue": ""
   },
   "parentNodeId": 6,
   "previousNodeId": 8
}
[1579582252.616][DEBUG]: DevTools WebSocket Event: Runtime.executionContextCreated 5B5742C97CDCA216EDDD76573B9F0A2A {
   "context": {
      "auxData": {
         "frameId": "4313EE78F93B49C62FBB4FB20E999890",
         "isDefault": true,
         "type": "default"
      },
      "id": 9,
      "name": "",
      "origin": "https://cdn.krxd.net"
   }
}
[1579582252.616][DEBUG]: DevTools WebSocket Command: Runtime.evaluate (id=25) 5B5742C97CDCA216EDDD76573B9F0A2A {
   "expression": "1"
}
[1579582252.637][DEBUG]: DevTools WebSocket Event: DOM.childNodeCountUpdated 5B5742C97CDCA216EDDD76573B9F0A2A {
   "childNodeCount": 147,
   "nodeId": 7
}
[1579582253.314][DEBUG]: DevTools WebSocket Event: DOM.childNodeCountUpdated 5B5742C97CDCA216EDDD76573B9F0A2A {
   "childNodeCount": 148,
   "nodeId": 7
}
[1579582253.314][DEBUG]: DevTools WebSocket Event: DOM.childNodeCountUpdated 5B5742C97CDCA216EDDD76573B9F0A2A {
   "childNodeCount": 149,
   "nodeId": 7
}
[0121/045053.313639:INFO:CONSOLE(6)] "Refused to prefetch content from 'https://tpc.googlesyndication.com/safeframe/1-0-37/html/container.html' because it violates the following Content Security Policy directive: "default-src 'self' blob: https://*.cnn.com:* http://*.cnn.com:* *.cnn.io:* *.cnn.net:* *.turner.com:* *.turner.io:* *.ugdturner.com:* courageousstudio.com *.vgtf.net:*". Note that 'prefetch-src' was not explicitly set, so 'default-src' is used as a fallback.
", source: https://securepubads.g.doubleclick.net/gpt/pubads_impl_modern_2020011301.js?21065316 (6)
[1579582253.315][DEBUG]: DevTools WebSocket Event: Log.entryAdded 5B5742C97CDCA216EDDD76573B9F0A2A {
   "entry": {
      "level": "error",
      "lineNumber": 5,
      "source": "security",
      "stackTrace": {
         "callFrames": [ {
            "columnNumber": 88840,
            "functionName": "On",
            "lineNumber": 5,
            "scriptId": "74",
            "url": "https://securepubads.g.doubleclick.net/gpt/pubads_impl_modern_2020011301.js?21065316"
         }, {
            "columnNumber": 130975,
            "functionName": "fr",
            "lineNumber": 5,
            "scriptId": "74",
            "url": "https://securepubads.g.doubleclick.net/gpt/pubads_impl_modern_2020011301.js?21065316"
         }, {
            "columnNumber": 136602,
            "functionName": "Nr",
            "lineNumber": 5,
            "scriptId": "74",
            "url": "https://securepubads.g.doubleclick.net/gpt/pubads_impl_modern_2020011301.js?21065316"
         }, {
            "columnNumber": 136187,
            "functionName": "Lr",
            "lineNumber": 5,
            "scriptId": "74",
            "url": "https://securepubads.g.doubleclick.net/gpt/pubads_impl_modern_2020011301.js?21065316"
         }, {
            "columnNumber": 136256,
            "functionName": "Or",
            "lineNumber": 5,
            "scriptId": "74",
            "url": "https://securepubads.g.doubleclick.net/gpt/pubads_impl_modern_2020011301.js?21065316"
         }, {
            "columnNumber": 139162,
            "functionName": "Ur",
            "lineNumber": 5,
            "scriptId": "74",
            "url": "https://securepubads.g.doubleclick.net/gpt/pubads_impl_modern_2020011301.js?21065316"
         }, {
            "columnNumber": 138640,
            "functionName": "",
            "lineNumber": 5,
            "scriptId": "74",
            "url": "https://securepubads.g.doubleclick.net/gpt/pubads_impl_modern_2020011301.js?21065316"
         }, {
            "columnNumber": 133653,
            "functionName": "",
            "lineNumber": 5,
            "scriptId": "74",
            "url": "https://securepubads.g.doubleclick.net/gpt/pubads_impl_modern_2020011301.js?21065316"
         }, {
            "columnNumber": 49185,
            "functionName": "",
            "lineNumber": 5,
            "scriptId": "74",
            "url": "https://securepubads.g.doubleclick.net/gpt/pubads_impl_modern_2020011301.js?21065316"
         }, {
            "columnNumber": 91490,
            "functionName": "eo",
            "lineNumber": 5,
            "scriptId": "74",
            "url": "https://securepubads.g.doubleclick.net/gpt/pubads_impl_modern_2020011301.js?21065316"
         }, {
            "columnNumber": 133514,
            "functionName": "ur",
            "lineNumber": 5,
            "scriptId": "74",
            "url": "https://securepubads.g.doubleclick.net/gpt/pubads_impl_modern_2020011301.js?21065316"
         }, {
            "columnNumber": 138629,
            "functionName": "",
            "lineNumber": 5,
            "scriptId": "74",
            "url": "https://securepubads.g.doubleclick.net/gpt/pubads_impl_modern_2020011301.js?21065316"
         }, {
            "columnNumber": 133478,
            "functionName": "tr",
            "lineNumber": 5,
            "scriptId": "74",
            "url": "https://securepubads.g.doubleclick.net/gpt/pubads_impl_modern_2020011301.js?21065316"
         }, {
            "columnNumber": 138617,
            "functionName": "",
            "lineNumber": 5,
            "scriptId": "74",
            "url": "https://securepubads.g.doubleclick.net/gpt/pubads_impl_modern_2020011301.js?21065316"
         }, {
            "columnNumber": 49185,
            "functionName": "",
            "lineNumber": 5,
            "scriptId": "74",
            "url": "https://securepubads.g.doubleclick.net/gpt/pubads_impl_modern_2020011301.js?21065316"
         }, {
            "columnNumber": 28088,
            "functionName": "hf",
            "lineNumber": 5,
            "scriptId": "74",
            "url": "https://securepubads.g.doubleclick.net/gpt/pubads_impl_modern_2020011301.js?21065316"
         }, {
            "columnNumber": 132997,
            "functionName": "sr",
            "lineNumber": 5,
            "scriptId": "74",
            "url": "https://securepubads.g.doubleclick.net/gpt/pubads_impl_modern_2020011301.js?21065316"
         }, {
            "columnNumber": 138607,
            "functionName": "_.Sr",
            "lineNumber": 5,
            "scriptId": "74",
            "url": "https://securepubads.g.doubleclick.net/gpt/pubads_impl_modern_2020011301.js?21065316"
         }, {
            "columnNumber": 138280,
            "functionName": "Qr",
            "lineNumber": 5,
            "scriptId": "74",
            "url": "https://securepubads.g.doubleclick.net/gpt/pubads_impl_modern_2020011301.js?21065316"
         }, "..." ]
      },
      "text": "Refused to prefetch content from 'https://tpc.googlesyndication.com/safeframe/1-0-37/html/container.html' because it violates the following Content Security Policy directive: \"default-src 'self' bl...",
      "timestamp": 1579582253312.4868,
      "url": "https://securepubads.g.doubleclick.net/gpt/pubads_impl_modern_2020011301.js?21065316"
   }
}
[1579582253.333][DEBUG]: DevTools WebSocket Event: Page.frameAttached 5B5742C97CDCA216EDDD76573B9F0A2A {
   "frameId": "803D01A8DD020EC5F9701CF988B891FF",
   "parentFrameId": "9F6344E04DE658ED36F4BA8F47127631"
}
[1579582253.337][DEBUG]: DevTools WebSocket Event: Page.frameStartedLoading 5B5742C97CDCA216EDDD76573B9F0A2A {
   "frameId": "803D01A8DD020EC5F9701CF988B891FF"
}
[1579582253.368][DEBUG]: DevTools WebSocket Event: DOM.childNodeCountUpdated 5B5742C97CDCA216EDDD76573B9F0A2A {
   "childNodeCount": 148,
   "nodeId": 7
}
[1579582253.374][DEBUG]: DevTools WebSocket Event: DOM.childNodeCountUpdated 5B5742C97CDCA216EDDD76573B9F0A2A {
   "childNodeCount": 147,
   "nodeId": 7
}
[1579582253.500][DEBUG]: DevTools WebSocket Event: DOM.childNodeCountUpdated 5B5742C97CDCA216EDDD76573B9F0A2A {
   "childNodeCount": 42,
   "nodeId": 8
}
[1579582253.500][DEBUG]: DevTools WebSocket Event: DOM.childNodeCountUpdated 5B5742C97CDCA216EDDD76573B9F0A2A {
   "childNodeCount": 43,
   "nodeId": 8
}
[1579582253.500][DEBUG]: DevTools WebSocket Event: DOM.childNodeCountUpdated 5B5742C97CDCA216EDDD76573B9F0A2A {
   "childNodeCount": 44,
   "nodeId": 8
}
[1579582253.500][DEBUG]: DevTools WebSocket Event: DOM.childNodeCountUpdated 5B5742C97CDCA216EDDD76573B9F0A2A {
   "childNodeCount": 45,
   "nodeId": 8
}
[1579582253.500][DEBUG]: DevTools WebSocket Event: DOM.childNodeCountUpdated 5B5742C97CDCA216EDDD76573B9F0A2A {
   "childNodeCount": 46,
   "nodeId": 8
}
[1579582253.500][DEBUG]: DevTools WebSocket Event: DOM.childNodeCountUpdated 5B5742C97CDCA216EDDD76573B9F0A2A {
   "childNodeCount": 47,
   "nodeId": 8
}
[1579582253.500][DEBUG]: DevTools WebSocket Event: DOM.childNodeCountUpdated 5B5742C97CDCA216EDDD76573B9F0A2A {
   "childNodeCount": 48,
   "nodeId": 8
}
[1579582253.501][DEBUG]: DevTools WebSocket Event: DOM.childNodeCountUpdated 5B5742C97CDCA216EDDD76573B9F0A2A {
   "childNodeCount": 146,
   "nodeId": 7
}
[0121/045053.622274:INFO:CONSOLE(0)] "A cookie associated with a cross-site resource at http://doubleclick.net/ was set without the `SameSite` attribute. A future release of Chrome will only deliver cookies with cross-site requests if they are set with `SameSite=None` and `Secure`. You can review cookies in developer tools under Application>Storage>Cookies and see more details at https://www.chromestatus.com/feature/5088147346030592 and https://www.chromestatus.com/feature/5633521622188032.", source: https://www.cnn.com/ (0)
[1579582253.623][DEBUG]: DevTools WebSocket Event: Log.entryAdded 5B5742C97CDCA216EDDD76573B9F0A2A {
   "entry": {
      "level": "warning",
      "source": "other",
      "text": "A cookie associated with a cross-site resource at http://doubleclick.net/ was set without the `SameSite` attribute. A future release of Chrome will only deliver cookies with cross-site requests if ...",
      "timestamp": 1579582253621.876,
      "url": "https://www.cnn.com/"
   }
}
[1579582253.632][DEBUG]: DevTools WebSocket Response: Runtime.evaluate (id=25) 5B5742C97CDCA216EDDD76573B9F0A2A {
   "result": {
      "description": "1",
      "type": "number",
      "value": 1
   }
}
[0121/045053.704291:INFO:CONSOLE(0)] "A cookie associated with a cross-site resource at http://demdex.net/ was set without the `SameSite` attribute. A future release of Chrome will only deliver cookies with cross-site requests if they are set with `SameSite=None` and `Secure`. You can review cookies in developer tools under Application>Storage>Cookies and see more details at https://www.chromestatus.com/feature/5088147346030592 and https://www.chromestatus.com/feature/5633521622188032.", source: https://www.cnn.com/ (0)
[1579582253.705][DEBUG]: DevTools WebSocket Event: Log.entryAdded 5B5742C97CDCA216EDDD76573B9F0A2A {
   "entry": {
      "level": "warning",
      "source": "other",
      "text": "A cookie associated with a cross-site resource at http://demdex.net/ was set without the `SameSite` attribute. A future release of Chrome will only deliver cookies with cross-site requests if they ...",
      "timestamp": 1579582253703.644,
      "url": "https://www.cnn.com/"
   }
}
[1579582253.706][DEBUG]: DevTools WebSocket Command: Runtime.evaluate (id=26) 5B5742C97CDCA216EDDD76573B9F0A2A {
   "expression": "1"
}
[1579582253.785][DEBUG]: DevTools WebSocket Event: DOM.childNodeCountUpdated 5B5742C97CDCA216EDDD76573B9F0A2A {
   "childNodeCount": 49,
   "nodeId": 8
}
[1579582253.786][DEBUG]: DevTools WebSocket Event: Page.frameAttached 5B5742C97CDCA216EDDD76573B9F0A2A {
   "frameId": "D348F5FE20DD60528973330941419733",
   "parentFrameId": "5B5742C97CDCA216EDDD76573B9F0A2A",
   "stack": {
      "callFrames": [ {
         "columnNumber": 13413,
         "functionName": "addLocalStorageFrame",
         "lineNumber": 0,
         "scriptId": "92",
         "url": "https://assets.bounceexchange.com/assets/smart-tag/versioned/ijs_all_modules_c1fc429e1d0fff87d1edf82243935ade.js"
      }, {
         "columnNumber": 14188,
         "functionName": "init_cookie_localstorage",
         "lineNumber": 0,
         "scriptId": "92",
         "url": "https://assets.bounceexchange.com/assets/smart-tag/versioned/ijs_all_modules_c1fc429e1d0fff87d1edf82243935ade.js"
      }, {
         "columnNumber": 8184,
         "functionName": "init_cookie_functions",
         "lineNumber": 0,
         "scriptId": "92",
         "url": "https://assets.bounceexchange.com/assets/smart-tag/versioned/ijs_all_modules_c1fc429e1d0fff87d1edf82243935ade.js"
      }, {
         "columnNumber": 124305,
         "functionName": "entry",
         "lineNumber": 0,
         "scriptId": "92",
         "url": "https://assets.bounceexchange.com/assets/smart-tag/versioned/ijs_all_modules_c1fc429e1d0fff87d1edf82243935ade.js"
      }, {
         "columnNumber": 26584,
         "functionName": "e._wrapped.e._wrapped",
         "lineNumber": 0,
         "scriptId": "92",
         "url": "https://assets.bounceexchange.com/assets/smart-tag/versioned/ijs_all_modules_c1fc429e1d0fff87d1edf82243935ade.js"
      }, {
         "columnNumber": 338159,
         "functionName": "",
         "lineNumber": 0,
         "scriptId": "92",
         "url": "https://assets.bounceexchange.com/assets/smart-tag/versioned/ijs_all_modules_c1fc429e1d0fff87d1edf82243935ade.js"
      }, {
         "columnNumber": 143,
         "functionName": "t",
         "lineNumber": 0,
         "scriptId": "92",
         "url": "https://assets.bounceexchange.com/assets/smart-tag/versioned/ijs_all_modules_c1fc429e1d0fff87d1edf82243935ade.js"
      }, {
         "columnNumber": 338200,
         "functionName": "",
         "lineNumber": 0,
         "scriptId": "92",
         "url": "https://assets.bounceexchange.com/assets/smart-tag/versioned/ijs_all_modules_c1fc429e1d0fff87d1edf82243935ade.js"
      }, {
         "columnNumber": 143,
         "functionName": "t",
         "lineNumber": 0,
         "scriptId": "92",
         "url": "https://assets.bounceexchange.com/assets/smart-tag/versioned/ijs_all_modules_c1fc429e1d0fff87d1edf82243935ade.js"
      }, {
         "columnNumber": 944,
         "functionName": "",
         "lineNumber": 0,
         "scriptId": "92",
         "url": "https://assets.bounceexchange.com/assets/smart-tag/versioned/ijs_all_modules_c1fc429e1d0fff87d1edf82243935ade.js"
      }, {
         "columnNumber": 954,
         "functionName": "",
         "lineNumber": 0,
         "scriptId": "92",
         "url": "https://assets.bounceexchange.com/assets/smart-tag/versioned/ijs_all_modules_c1fc429e1d0fff87d1edf82243935ade.js"
      }, {
         "columnNumber": 338261,
         "functionName": "",
         "lineNumber": 0,
         "scriptId": "92",
         "url": "https://assets.bounceexchange.com/assets/smart-tag/versioned/ijs_all_modules_c1fc429e1d0fff87d1edf82243935ade.js"
      } ]
   }
}
[1579582253.798][DEBUG]: DevTools WebSocket Event: Page.frameStartedLoading 5B5742C97CDCA216EDDD76573B9F0A2A {
   "frameId": "D348F5FE20DD60528973330941419733"
}
